CRITICAL - 2020-09-06 07:38:29 --> Undefined variable: data
#0 /opt/lampp/htdocs/app/Controllers/Users.php(61): CodeIgniter\Debug\Exceptions->errorHandler(8, 'Undefined varia...', '/opt/lampp/htdo...', 61, Array)
#1 /opt/lampp/htdocs/vendor/codeigniter4/framework/system/CodeIgniter.php(910): App\Controllers\Users->index()
#2 /opt/lampp/htdocs/vendor/codeigniter4/framework/system/CodeIgniter.php(398): CodeIgniter\CodeIgniter->runController(Object(App\Controllers\Users))
#3 /opt/lampp/htdocs/vendor/codeigniter4/framework/system/CodeIgniter.php(306): CodeIgniter\CodeIgniter->handleRequest(NULL, Object(Config\Cache), false)
#4 /opt/lampp/htdocs/public/index.php(45): CodeIgniter\CodeIgniter->run()
#5 {main}
CRITICAL - 2020-09-06 07:53:16 --> Invalid file: welcome_message.php
#0 /opt/lampp/htdocs/vendor/codeigniter4/framework/system/View/View.php(224): CodeIgniter\Exceptions\FrameworkException::forInvalidFile('welcome_message...')
#1 /opt/lampp/htdocs/vendor/codeigniter4/framework/system/Common.php(1071): CodeIgniter\View\View->render('welcome_message', Array, true)
#2 /opt/lampp/htdocs/app/Controllers/Home.php(7): view('welcome_message')
#3 /opt/lampp/htdocs/vendor/codeigniter4/framework/system/CodeIgniter.php(910): App\Controllers\Home->index()
#4 /opt/lampp/htdocs/vendor/codeigniter4/framework/system/CodeIgniter.php(398): CodeIgniter\CodeIgniter->runController(Object(App\Controllers\Home))
#5 /opt/lampp/htdocs/vendor/codeigniter4/framework/system/CodeIgniter.php(306): CodeIgniter\CodeIgniter->handleRequest(NULL, Object(Config\Cache), false)
#6 /opt/lampp/htdocs/public/index.php(45): CodeIgniter\CodeIgniter->run()
#7 {main}
CRITICAL - 2020-09-06 07:54:44 --> Invalid file: http://localhost:8088/public/home.php
#0 /opt/lampp/htdocs/vendor/codeigniter4/framework/system/View/View.php(224): CodeIgniter\Exceptions\FrameworkException::forInvalidFile('http://localhos...')
#1 /opt/lampp/htdocs/vendor/codeigniter4/framework/system/Common.php(1071): CodeIgniter\View\View->render('http://localhos...', Array, true)
#2 /opt/lampp/htdocs/app/Controllers/Home.php(7): view('http://localhos...')
#3 /opt/lampp/htdocs/vendor/codeigniter4/framework/system/CodeIgniter.php(910): App\Controllers\Home->index()
#4 /opt/lampp/htdocs/vendor/codeigniter4/framework/system/CodeIgniter.php(398): CodeIgniter\CodeIgniter->runController(Object(App\Controllers\Home))
#5 /opt/lampp/htdocs/vendor/codeigniter4/framework/system/CodeIgniter.php(306): CodeIgniter\CodeIgniter->handleRequest(NULL, Object(Config\Cache), false)
#6 /opt/lampp/htdocs/public/index.php(45): CodeIgniter\CodeIgniter->run()
#7 {main}
CRITICAL - 2020-09-06 07:55:50 --> Invalid file: http://localhost:8088/public/home/index.php
#0 /opt/lampp/htdocs/vendor/codeigniter4/framework/system/View/View.php(224): CodeIgniter\Exceptions\FrameworkException::forInvalidFile('http://localhos...')
#1 /opt/lampp/htdocs/vendor/codeigniter4/framework/system/Common.php(1071): CodeIgniter\View\View->render('http://localhos...', Array, true)
#2 /opt/lampp/htdocs/app/Controllers/Home.php(7): view('http://localhos...')
#3 /opt/lampp/htdocs/vendor/codeigniter4/framework/system/CodeIgniter.php(910): App\Controllers\Home->index()
#4 /opt/lampp/htdocs/vendor/codeigniter4/framework/system/CodeIgniter.php(398): CodeIgniter\CodeIgniter->runController(Object(App\Controllers\Home))
#5 /opt/lampp/htdocs/vendor/codeigniter4/framework/system/CodeIgniter.php(306): CodeIgniter\CodeIgniter->handleRequest(NULL, Object(Config\Cache), false)
#6 /opt/lampp/htdocs/public/index.php(45): CodeIgniter\CodeIgniter->run()
#7 {main}
CRITICAL - 2020-09-06 07:56:58 --> Invalid file: http://localhost:8088/public/home/index.php
#0 /opt/lampp/htdocs/vendor/codeigniter4/framework/system/View/View.php(224): CodeIgniter\Exceptions\FrameworkException::forInvalidFile('http://localhos...')
#1 /opt/lampp/htdocs/vendor/codeigniter4/framework/system/Common.php(1071): CodeIgniter\View\View->render('http://localhos...', Array, true)
#2 /opt/lampp/htdocs/app/Controllers/Home.php(7): view('http://localhos...')
#3 /opt/lampp/htdocs/vendor/codeigniter4/framework/system/CodeIgniter.php(910): App\Controllers\Home->index()
#4 /opt/lampp/htdocs/vendor/codeigniter4/framework/system/CodeIgniter.php(398): CodeIgniter\CodeIgniter->runController(Object(App\Controllers\Home))
#5 /opt/lampp/htdocs/vendor/codeigniter4/framework/system/CodeIgniter.php(306): CodeIgniter\CodeIgniter->handleRequest(NULL, Object(Config\Cache), false)
#6 /opt/lampp/htdocs/public/index.php(45): CodeIgniter\CodeIgniter->run()
#7 {main}
CRITICAL - 2020-09-06 07:56:59 --> Invalid file: http://localhost:8088/public/home/index.php
#0 /opt/lampp/htdocs/vendor/codeigniter4/framework/system/View/View.php(224): CodeIgniter\Exceptions\FrameworkException::forInvalidFile('http://localhos...')
#1 /opt/lampp/htdocs/vendor/codeigniter4/framework/system/Common.php(1071): CodeIgniter\View\View->render('http://localhos...', Array, true)
#2 /opt/lampp/htdocs/app/Controllers/Home.php(7): view('http://localhos...')
#3 /opt/lampp/htdocs/vendor/codeigniter4/framework/system/CodeIgniter.php(910): App\Controllers\Home->index()
#4 /opt/lampp/htdocs/vendor/codeigniter4/framework/system/CodeIgniter.php(398): CodeIgniter\CodeIgniter->runController(Object(App\Controllers\Home))
#5 /opt/lampp/htdocs/vendor/codeigniter4/framework/system/CodeIgniter.php(306): CodeIgniter\CodeIgniter->handleRequest(NULL, Object(Config\Cache), false)
#6 /opt/lampp/htdocs/public/index.php(45): CodeIgniter\CodeIgniter->run()
#7 {main}
CRITICAL - 2020-09-06 07:57:46 --> Invalid file: http://localhost:8088/public/home/index.php
#0 /opt/lampp/htdocs/vendor/codeigniter4/framework/system/View/View.php(224): CodeIgniter\Exceptions\FrameworkException::forInvalidFile('http://localhos...')
#1 /opt/lampp/htdocs/vendor/codeigniter4/framework/system/Common.php(1071): CodeIgniter\View\View->render('http://localhos...', Array, true)
#2 /opt/lampp/htdocs/app/Controllers/Home.php(7): view('http://localhos...')
#3 /opt/lampp/htdocs/vendor/codeigniter4/framework/system/CodeIgniter.php(910): App\Controllers\Home->index()
#4 /opt/lampp/htdocs/vendor/codeigniter4/framework/system/CodeIgniter.php(398): CodeIgniter\CodeIgniter->runController(Object(App\Controllers\Home))
#5 /opt/lampp/htdocs/vendor/codeigniter4/framework/system/CodeIgniter.php(306): CodeIgniter\CodeIgniter->handleRequest(NULL, Object(Config\Cache), false)
#6 /opt/lampp/htdocs/public/index.php(45): CodeIgniter\CodeIgniter->run()
#7 {main}
CRITICAL - 2020-09-06 08:12:59 --> Invalid file: /home/template/footer.php
#0 /opt/lampp/htdocs/vendor/codeigniter4/framework/system/View/View.php(224): CodeIgniter\Exceptions\FrameworkException::forInvalidFile('/home/template/...')
#1 /opt/lampp/htdocs/vendor/codeigniter4/framework/system/Common.php(1071): CodeIgniter\View\View->render('/home/template/...', Array, true)
#2 /opt/lampp/htdocs/app/Controllers/Home.php(9): view('/home/template/...')
#3 /opt/lampp/htdocs/vendor/codeigniter4/framework/system/CodeIgniter.php(910): App\Controllers\Home->index()
#4 /opt/lampp/htdocs/vendor/codeigniter4/framework/system/CodeIgniter.php(398): CodeIgniter\CodeIgniter->runController(Object(App\Controllers\Home))
#5 /opt/lampp/htdocs/vendor/codeigniter4/framework/system/CodeIgniter.php(306): CodeIgniter\CodeIgniter->handleRequest(NULL, Object(Config\Cache), false)
#6 /opt/lampp/htdocs/public/index.php(45): CodeIgniter\CodeIgniter->run()
#7 {main}
CRITICAL - 2020-09-06 08:14:21 --> Invalid file: /home/template/footer.php
#0 /opt/lampp/htdocs/vendor/codeigniter4/framework/system/View/View.php(224): CodeIgniter\Exceptions\FrameworkException::forInvalidFile('/home/template/...')
#1 /opt/lampp/htdocs/vendor/codeigniter4/framework/system/Common.php(1071): CodeIgniter\View\View->render('/home/template/...', Array, true)
#2 /opt/lampp/htdocs/app/Controllers/Home.php(9): view('/home/template/...')
#3 /opt/lampp/htdocs/vendor/codeigniter4/framework/system/CodeIgniter.php(910): App\Controllers\Home->index()
#4 /opt/lampp/htdocs/vendor/codeigniter4/framework/system/CodeIgniter.php(398): CodeIgniter\CodeIgniter->runController(Object(App\Controllers\Home))
#5 /opt/lampp/htdocs/vendor/codeigniter4/framework/system/CodeIgniter.php(306): CodeIgniter\CodeIgniter->handleRequest(NULL, Object(Config\Cache), false)
#6 /opt/lampp/htdocs/public/index.php(45): CodeIgniter\CodeIgniter->run()
#7 {main}
CRITICAL - 2020-09-06 08:15:28 --> Invalid file: /home/template/footer.php
#0 /opt/lampp/htdocs/vendor/codeigniter4/framework/system/View/View.php(224): CodeIgniter\Exceptions\FrameworkException::forInvalidFile('/home/template/...')
#1 /opt/lampp/htdocs/vendor/codeigniter4/framework/system/Common.php(1071): CodeIgniter\View\View->render('/home/template/...', Array, true)
#2 /opt/lampp/htdocs/app/Controllers/Home.php(9): view('/home/template/...')
#3 /opt/lampp/htdocs/vendor/codeigniter4/framework/system/CodeIgniter.php(910): App\Controllers\Home->index()
#4 /opt/lampp/htdocs/vendor/codeigniter4/framework/system/CodeIgniter.php(398): CodeIgniter\CodeIgniter->runController(Object(App\Controllers\Home))
#5 /opt/lampp/htdocs/vendor/codeigniter4/framework/system/CodeIgniter.php(306): CodeIgniter\CodeIgniter->handleRequest(NULL, Object(Config\Cache), false)
#6 /opt/lampp/htdocs/public/index.php(45): CodeIgniter\CodeIgniter->run()
#7 {main}
CRITICAL - 2020-09-06 08:15:33 --> Invalid file: /home/template/footer.php
#0 /opt/lampp/htdocs/vendor/codeigniter4/framework/system/View/View.php(224): CodeIgniter\Exceptions\FrameworkException::forInvalidFile('/home/template/...')
#1 /opt/lampp/htdocs/vendor/codeigniter4/framework/system/Common.php(1071): CodeIgniter\View\View->render('/home/template/...', Array, true)
#2 /opt/lampp/htdocs/app/Controllers/Home.php(9): view('/home/template/...')
#3 /opt/lampp/htdocs/vendor/codeigniter4/framework/system/CodeIgniter.php(910): App\Controllers\Home->index()
#4 /opt/lampp/htdocs/vendor/codeigniter4/framework/system/CodeIgniter.php(398): CodeIgniter\CodeIgniter->runController(Object(App\Controllers\Home))
#5 /opt/lampp/htdocs/vendor/codeigniter4/framework/system/CodeIgniter.php(306): CodeIgniter\CodeIgniter->handleRequest(NULL, Object(Config\Cache), false)
#6 /opt/lampp/htdocs/public/index.php(45): CodeIgniter\CodeIgniter->run()
#7 {main}
CRITICAL - 2020-09-06 08:15:39 --> Invalid file: /home/template/footer.php
#0 /opt/lampp/htdocs/vendor/codeigniter4/framework/system/View/View.php(224): CodeIgniter\Exceptions\FrameworkException::forInvalidFile('/home/template/...')
#1 /opt/lampp/htdocs/vendor/codeigniter4/framework/system/Common.php(1071): CodeIgniter\View\View->render('/home/template/...', Array, true)
#2 /opt/lampp/htdocs/app/Controllers/Home.php(9): view('/home/template/...')
#3 /opt/lampp/htdocs/vendor/codeigniter4/framework/system/CodeIgniter.php(910): App\Controllers\Home->index()
#4 /opt/lampp/htdocs/vendor/codeigniter4/framework/system/CodeIgniter.php(398): CodeIgniter\CodeIgniter->runController(Object(App\Controllers\Home))
#5 /opt/lampp/htdocs/vendor/codeigniter4/framework/system/CodeIgniter.php(306): CodeIgniter\CodeIgniter->handleRequest(NULL, Object(Config\Cache), false)
#6 /opt/lampp/htdocs/public/index.php(45): CodeIgniter\CodeIgniter->run()
#7 {main}
CRITICAL - 2020-09-06 08:21:47 --> Invalid file: /home/template/footer.php
#0 /opt/lampp/htdocs/vendor/codeigniter4/framework/system/View/View.php(224): CodeIgniter\Exceptions\FrameworkException::forInvalidFile('/home/template/...')
#1 /opt/lampp/htdocs/vendor/codeigniter4/framework/system/Common.php(1071): CodeIgniter\View\View->render('/home/template/...', Array, true)
#2 /opt/lampp/htdocs/app/Controllers/Home.php(20): view('/home/template/...')
#3 /opt/lampp/htdocs/vendor/codeigniter4/framework/system/CodeIgniter.php(910): App\Controllers\Home->index()
#4 /opt/lampp/htdocs/vendor/codeigniter4/framework/system/CodeIgniter.php(398): CodeIgniter\CodeIgniter->runController(Object(App\Controllers\Home))
#5 /opt/lampp/htdocs/vendor/codeigniter4/framework/system/CodeIgniter.php(306): CodeIgniter\CodeIgniter->handleRequest(NULL, Object(Config\Cache), false)
#6 /opt/lampp/htdocs/public/index.php(45): CodeIgniter\CodeIgniter->run()
#7 {main}
CRITICAL - 2020-09-06 08:22:02 --> Invalid file: /home/template/footer.php
#0 /opt/lampp/htdocs/vendor/codeigniter4/framework/system/View/View.php(224): CodeIgniter\Exceptions\FrameworkException::forInvalidFile('/home/template/...')
#1 /opt/lampp/htdocs/vendor/codeigniter4/framework/system/Common.php(1071): CodeIgniter\View\View->render('/home/template/...', Array, true)
#2 /opt/lampp/htdocs/app/Controllers/Home.php(20): view('/home/template/...')
#3 /opt/lampp/htdocs/vendor/codeigniter4/framework/system/CodeIgniter.php(910): App\Controllers\Home->index()
#4 /opt/lampp/htdocs/vendor/codeigniter4/framework/system/CodeIgniter.php(398): CodeIgniter\CodeIgniter->runController(Object(App\Controllers\Home))
#5 /opt/lampp/htdocs/vendor/codeigniter4/framework/system/CodeIgniter.php(306): CodeIgniter\CodeIgniter->handleRequest(NULL, Object(Config\Cache), false)
#6 /opt/lampp/htdocs/public/index.php(45): CodeIgniter\CodeIgniter->run()
#7 {main}
CRITICAL - 2020-09-06 08:26:15 --> Invalid file: /home/template/footer.php
#0 /opt/lampp/htdocs/vendor/codeigniter4/framework/system/View/View.php(224): CodeIgniter\Exceptions\FrameworkException::forInvalidFile('/home/template/...')
#1 /opt/lampp/htdocs/vendor/codeigniter4/framework/system/Common.php(1071): CodeIgniter\View\View->render('/home/template/...', Array, true)
#2 /opt/lampp/htdocs/app/Controllers/Home.php(20): view('/home/template/...')
#3 /opt/lampp/htdocs/vendor/codeigniter4/framework/system/CodeIgniter.php(910): App\Controllers\Home->index()
#4 /opt/lampp/htdocs/vendor/codeigniter4/framework/system/CodeIgniter.php(398): CodeIgniter\CodeIgniter->runController(Object(App\Controllers\Home))
#5 /opt/lampp/htdocs/vendor/codeigniter4/framework/system/CodeIgniter.php(306): CodeIgniter\CodeIgniter->handleRequest(NULL, Object(Config\Cache), false)
#6 /opt/lampp/htdocs/public/index.php(45): CodeIgniter\CodeIgniter->run()
#7 {main}
CRITICAL - 2020-09-06 08:26:57 --> Invalid file: /home/template/footer.php
#0 /opt/lampp/htdocs/vendor/codeigniter4/framework/system/View/View.php(224): CodeIgniter\Exceptions\FrameworkException::forInvalidFile('/home/template/...')
#1 /opt/lampp/htdocs/vendor/codeigniter4/framework/system/Common.php(1071): CodeIgniter\View\View->render('/home/template/...', Array, true)
#2 /opt/lampp/htdocs/app/Controllers/Home.php(20): view('/home/template/...')
#3 /opt/lampp/htdocs/vendor/codeigniter4/framework/system/CodeIgniter.php(910): App\Controllers\Home->index()
#4 /opt/lampp/htdocs/vendor/codeigniter4/framework/system/CodeIgniter.php(398): CodeIgniter\CodeIgniter->runController(Object(App\Controllers\Home))
#5 /opt/lampp/htdocs/vendor/codeigniter4/framework/system/CodeIgniter.php(306): CodeIgniter\CodeIgniter->handleRequest(NULL, Object(Config\Cache), false)
#6 /opt/lampp/htdocs/public/index.php(45): CodeIgniter\CodeIgniter->run()
#7 {main}
CRITICAL - 2020-09-06 08:27:33 --> Invalid file: /home/template/footer.php
#0 /opt/lampp/htdocs/vendor/codeigniter4/framework/system/View/View.php(224): CodeIgniter\Exceptions\FrameworkException::forInvalidFile('/home/template/...')
#1 /opt/lampp/htdocs/vendor/codeigniter4/framework/system/Common.php(1071): CodeIgniter\View\View->render('/home/template/...', Array, true)
#2 /opt/lampp/htdocs/app/Controllers/Home.php(20): view('/home/template/...')
#3 /opt/lampp/htdocs/vendor/codeigniter4/framework/system/CodeIgniter.php(910): App\Controllers\Home->index()
#4 /opt/lampp/htdocs/vendor/codeigniter4/framework/system/CodeIgniter.php(398): CodeIgniter\CodeIgniter->runController(Object(App\Controllers\Home))
#5 /opt/lampp/htdocs/vendor/codeigniter4/framework/system/CodeIgniter.php(306): CodeIgniter\CodeIgniter->handleRequest(NULL, Object(Config\Cache), false)
#6 /opt/lampp/htdocs/public/index.php(45): CodeIgniter\CodeIgniter->run()
#7 {main}
CRITICAL - 2020-09-06 08:28:14 --> Invalid file: /home/template/footer.php
#0 /opt/lampp/htdocs/vendor/codeigniter4/framework/system/View/View.php(224): CodeIgniter\Exceptions\FrameworkException::forInvalidFile('/home/template/...')
#1 /opt/lampp/htdocs/vendor/codeigniter4/framework/system/Common.php(1071): CodeIgniter\View\View->render('/home/template/...', Array, true)
#2 /opt/lampp/htdocs/app/Controllers/Home.php(20): view('/home/template/...')
#3 /opt/lampp/htdocs/vendor/codeigniter4/framework/system/CodeIgniter.php(910): App\Controllers\Home->index()
#4 /opt/lampp/htdocs/vendor/codeigniter4/framework/system/CodeIgniter.php(398): CodeIgniter\CodeIgniter->runController(Object(App\Controllers\Home))
#5 /opt/lampp/htdocs/vendor/codeigniter4/framework/system/CodeIgniter.php(306): CodeIgniter\CodeIgniter->handleRequest(NULL, Object(Config\Cache), false)
#6 /opt/lampp/htdocs/public/index.php(45): CodeIgniter\CodeIgniter->run()
#7 {main}
CRITICAL - 2020-09-06 08:30:34 --> Undefined variable: data_post
#0 /opt/lampp/htdocs/app/Controllers/Dashboard.php(341): CodeIgniter\Debug\Exceptions->errorHandler(8, 'Undefined varia...', '/opt/lampp/htdo...', 341, Array)
#1 /opt/lampp/htdocs/vendor/codeigniter4/framework/system/CodeIgniter.php(910): App\Controllers\Dashboard->postedit('22')
#2 /opt/lampp/htdocs/vendor/codeigniter4/framework/system/CodeIgniter.php(398): CodeIgniter\CodeIgniter->runController(Object(App\Controllers\Dashboard))
#3 /opt/lampp/htdocs/vendor/codeigniter4/framework/system/CodeIgniter.php(306): CodeIgniter\CodeIgniter->handleRequest(NULL, Object(Config\Cache), false)
#4 /opt/lampp/htdocs/public/index.php(45): CodeIgniter\CodeIgniter->run()
#5 {main}
CRITICAL - 2020-09-06 08:32:11 --> Invalid file: /home/template/footer.php
#0 /opt/lampp/htdocs/vendor/codeigniter4/framework/system/View/View.php(224): CodeIgniter\Exceptions\FrameworkException::forInvalidFile('/home/template/...')
#1 /opt/lampp/htdocs/vendor/codeigniter4/framework/system/Common.php(1071): CodeIgniter\View\View->render('/home/template/...', Array, true)
#2 /opt/lampp/htdocs/app/Controllers/Home.php(20): view('/home/template/...')
#3 /opt/lampp/htdocs/vendor/codeigniter4/framework/system/CodeIgniter.php(910): App\Controllers\Home->index()
#4 /opt/lampp/htdocs/vendor/codeigniter4/framework/system/CodeIgniter.php(398): CodeIgniter\CodeIgniter->runController(Object(App\Controllers\Home))
#5 /opt/lampp/htdocs/vendor/codeigniter4/framework/system/CodeIgniter.php(306): CodeIgniter\CodeIgniter->handleRequest(NULL, Object(Config\Cache), false)
#6 /opt/lampp/htdocs/public/index.php(45): CodeIgniter\CodeIgniter->run()
#7 {main}
CRITICAL - 2020-09-06 08:39:52 --> Call to a member function limit() on array
#0 /opt/lampp/htdocs/vendor/codeigniter4/framework/system/CodeIgniter.php(910): App\Controllers\Home->index()
#1 /opt/lampp/htdocs/vendor/codeigniter4/framework/system/CodeIgniter.php(398): CodeIgniter\CodeIgniter->runController(Object(App\Controllers\Home))
#2 /opt/lampp/htdocs/vendor/codeigniter4/framework/system/CodeIgniter.php(306): CodeIgniter\CodeIgniter->handleRequest(NULL, Object(Config\Cache), false)
#3 /opt/lampp/htdocs/public/index.php(45): CodeIgniter\CodeIgniter->run()
#4 {main}
CRITICAL - 2020-09-06 08:41:45 --> Call to a member function limit() on array
#0 /opt/lampp/htdocs/vendor/codeigniter4/framework/system/CodeIgniter.php(910): App\Controllers\Home->index()
#1 /opt/lampp/htdocs/vendor/codeigniter4/framework/system/CodeIgniter.php(398): CodeIgniter\CodeIgniter->runController(Object(App\Controllers\Home))
#2 /opt/lampp/htdocs/vendor/codeigniter4/framework/system/CodeIgniter.php(306): CodeIgniter\CodeIgniter->handleRequest(NULL, Object(Config\Cache), false)
#3 /opt/lampp/htdocs/public/index.php(45): CodeIgniter\CodeIgniter->run()
#4 {main}
CRITICAL - 2020-09-06 08:43:45 --> Trying to access array offset on value of type null
#0 /opt/lampp/htdocs/app/Views/home/index.php(88): CodeIgniter\Debug\Exceptions->errorHandler(8, 'Trying to acces...', '/opt/lampp/htdo...', 88, Array)
#1 /opt/lampp/htdocs/vendor/codeigniter4/framework/system/View/View.php(236): include('/opt/lampp/htdo...')
#2 /opt/lampp/htdocs/vendor/codeigniter4/framework/system/Common.php(1071): CodeIgniter\View\View->render('/home/index', Array, true)
#3 /opt/lampp/htdocs/app/Controllers/Home.php(19): view('/home/index', Array)
#4 /opt/lampp/htdocs/vendor/codeigniter4/framework/system/CodeIgniter.php(910): App\Controllers\Home->index()
#5 /opt/lampp/htdocs/vendor/codeigniter4/framework/system/CodeIgniter.php(398): CodeIgniter\CodeIgniter->runController(Object(App\Controllers\Home))
#6 /opt/lampp/htdocs/vendor/codeigniter4/framework/system/CodeIgniter.php(306): CodeIgniter\CodeIgniter->handleRequest(NULL, Object(Config\Cache), false)
#7 /opt/lampp/htdocs/public/index.php(45): CodeIgniter\CodeIgniter->run()
#8 {main}
CRITICAL - 2020-09-06 08:44:06 --> Trying to access array offset on value of type null
#0 /opt/lampp/htdocs/app/Views/home/index.php(88): CodeIgniter\Debug\Exceptions->errorHandler(8, 'Trying to acces...', '/opt/lampp/htdo...', 88, Array)
#1 /opt/lampp/htdocs/vendor/codeigniter4/framework/system/View/View.php(236): include('/opt/lampp/htdo...')
#2 /opt/lampp/htdocs/vendor/codeigniter4/framework/system/Common.php(1071): CodeIgniter\View\View->render('/home/index', Array, true)
#3 /opt/lampp/htdocs/app/Controllers/Home.php(19): view('/home/index', Array)
#4 /opt/lampp/htdocs/vendor/codeigniter4/framework/system/CodeIgniter.php(910): App\Controllers\Home->index()
#5 /opt/lampp/htdocs/vendor/codeigniter4/framework/system/CodeIgniter.php(398): CodeIgniter\CodeIgniter->runController(Object(App\Controllers\Home))
#6 /opt/lampp/htdocs/vendor/codeigniter4/framework/system/CodeIgniter.php(306): CodeIgniter\CodeIgniter->handleRequest(NULL, Object(Config\Cache), false)
#7 /opt/lampp/htdocs/public/index.php(45): CodeIgniter\CodeIgniter->run()
#8 {main}
CRITICAL - 2020-09-06 08:44:07 --> Trying to access array offset on value of type null
#0 /opt/lampp/htdocs/app/Views/home/index.php(88): CodeIgniter\Debug\Exceptions->errorHandler(8, 'Trying to acces...', '/opt/lampp/htdo...', 88, Array)
#1 /opt/lampp/htdocs/vendor/codeigniter4/framework/system/View/View.php(236): include('/opt/lampp/htdo...')
#2 /opt/lampp/htdocs/vendor/codeigniter4/framework/system/Common.php(1071): CodeIgniter\View\View->render('/home/index', Array, true)
#3 /opt/lampp/htdocs/app/Controllers/Home.php(19): view('/home/index', Array)
#4 /opt/lampp/htdocs/vendor/codeigniter4/framework/system/CodeIgniter.php(910): App\Controllers\Home->index()
#5 /opt/lampp/htdocs/vendor/codeigniter4/framework/system/CodeIgniter.php(398): CodeIgniter\CodeIgniter->runController(Object(App\Controllers\Home))
#6 /opt/lampp/htdocs/vendor/codeigniter4/framework/system/CodeIgniter.php(306): CodeIgniter\CodeIgniter->handleRequest(NULL, Object(Config\Cache), false)
#7 /opt/lampp/htdocs/public/index.php(45): CodeIgniter\CodeIgniter->run()
#8 {main}
CRITICAL - 2020-09-06 08:44:49 --> Trying to access array offset on value of type null
#0 /opt/lampp/htdocs/app/Views/home/index.php(88): CodeIgniter\Debug\Exceptions->errorHandler(8, 'Trying to acces...', '/opt/lampp/htdo...', 88, Array)
#1 /opt/lampp/htdocs/vendor/codeigniter4/framework/system/View/View.php(236): include('/opt/lampp/htdo...')
#2 /opt/lampp/htdocs/vendor/codeigniter4/framework/system/Common.php(1071): CodeIgniter\View\View->render('/home/index', Array, true)
#3 /opt/lampp/htdocs/app/Controllers/Home.php(19): view('/home/index', Array)
#4 /opt/lampp/htdocs/vendor/codeigniter4/framework/system/CodeIgniter.php(910): App\Controllers\Home->index()
#5 /opt/lampp/htdocs/vendor/codeigniter4/framework/system/CodeIgniter.php(398): CodeIgniter\CodeIgniter->runController(Object(App\Controllers\Home))
#6 /opt/lampp/htdocs/vendor/codeigniter4/framework/system/CodeIgniter.php(306): CodeIgniter\CodeIgniter->handleRequest(NULL, Object(Config\Cache), false)
#7 /opt/lampp/htdocs/public/index.php(45): CodeIgniter\CodeIgniter->run()
#8 {main}
CRITICAL - 2020-09-06 08:45:04 --> Call to a member function limit() on array
#0 /opt/lampp/htdocs/vendor/codeigniter4/framework/system/CodeIgniter.php(910): App\Controllers\Home->index()
#1 /opt/lampp/htdocs/vendor/codeigniter4/framework/system/CodeIgniter.php(398): CodeIgniter\CodeIgniter->runController(Object(App\Controllers\Home))
#2 /opt/lampp/htdocs/vendor/codeigniter4/framework/system/CodeIgniter.php(306): CodeIgniter\CodeIgniter->handleRequest(NULL, Object(Config\Cache), false)
#3 /opt/lampp/htdocs/public/index.php(45): CodeIgniter\CodeIgniter->run()
#4 {main}
CRITICAL - 2020-09-06 08:46:34 --> Call to a member function limit() on array
#0 /opt/lampp/htdocs/vendor/codeigniter4/framework/system/CodeIgniter.php(910): App\Controllers\Home->index()
#1 /opt/lampp/htdocs/vendor/codeigniter4/framework/system/CodeIgniter.php(398): CodeIgniter\CodeIgniter->runController(Object(App\Controllers\Home))
#2 /opt/lampp/htdocs/vendor/codeigniter4/framework/system/CodeIgniter.php(306): CodeIgniter\CodeIgniter->handleRequest(NULL, Object(Config\Cache), false)
#3 /opt/lampp/htdocs/public/index.php(45): CodeIgniter\CodeIgniter->run()
#4 {main}
CRITICAL - 2020-09-06 08:49:11 --> Cannot use object of type mysqli as array
#0 /opt/lampp/htdocs/vendor/codeigniter4/framework/system/View/View.php(236): include()
#1 /opt/lampp/htdocs/vendor/codeigniter4/framework/system/Common.php(1071): CodeIgniter\View\View->render('/home/index', Array, true)
#2 /opt/lampp/htdocs/app/Controllers/Home.php(19): view('/home/index', Array)
#3 /opt/lampp/htdocs/vendor/codeigniter4/framework/system/CodeIgniter.php(910): App\Controllers\Home->index()
#4 /opt/lampp/htdocs/vendor/codeigniter4/framework/system/CodeIgniter.php(398): CodeIgniter\CodeIgniter->runController(Object(App\Controllers\Home))
#5 /opt/lampp/htdocs/vendor/codeigniter4/framework/system/CodeIgniter.php(306): CodeIgniter\CodeIgniter->handleRequest(NULL, Object(Config\Cache), false)
#6 /opt/lampp/htdocs/public/index.php(45): CodeIgniter\CodeIgniter->run()
#7 {main}
CRITICAL - 2020-09-06 08:49:50 --> Call to undefined method CodeIgniter\Database\MySQLi\Result::result()
#0 /opt/lampp/htdocs/vendor/codeigniter4/framework/system/CodeIgniter.php(910): App\Controllers\Home->index()
#1 /opt/lampp/htdocs/vendor/codeigniter4/framework/system/CodeIgniter.php(398): CodeIgniter\CodeIgniter->runController(Object(App\Controllers\Home))
#2 /opt/lampp/htdocs/vendor/codeigniter4/framework/system/CodeIgniter.php(306): CodeIgniter\CodeIgniter->handleRequest(NULL, Object(Config\Cache), false)
#3 /opt/lampp/htdocs/public/index.php(45): CodeIgniter\CodeIgniter->run()
#4 {main}
CRITICAL - 2020-09-06 08:50:05 --> Call to undefined method CodeIgniter\Database\MySQLi\Result::result()
#0 /opt/lampp/htdocs/vendor/codeigniter4/framework/system/CodeIgniter.php(910): App\Controllers\Home->index()
#1 /opt/lampp/htdocs/vendor/codeigniter4/framework/system/CodeIgniter.php(398): CodeIgniter\CodeIgniter->runController(Object(App\Controllers\Home))
#2 /opt/lampp/htdocs/vendor/codeigniter4/framework/system/CodeIgniter.php(306): CodeIgniter\CodeIgniter->handleRequest(NULL, Object(Config\Cache), false)
#3 /opt/lampp/htdocs/public/index.php(45): CodeIgniter\CodeIgniter->run()
#4 {main}
CRITICAL - 2020-09-06 08:52:24 --> Trying to access array offset on value of type null
#0 /opt/lampp/htdocs/app/Views/home/index.php(88): CodeIgniter\Debug\Exceptions->errorHandler(8, 'Trying to acces...', '/opt/lampp/htdo...', 88, Array)
#1 /opt/lampp/htdocs/vendor/codeigniter4/framework/system/View/View.php(236): include('/opt/lampp/htdo...')
#2 /opt/lampp/htdocs/vendor/codeigniter4/framework/system/Common.php(1071): CodeIgniter\View\View->render('/home/index', Array, true)
#3 /opt/lampp/htdocs/app/Controllers/Home.php(20): view('/home/index', Array)
#4 /opt/lampp/htdocs/vendor/codeigniter4/framework/system/CodeIgniter.php(910): App\Controllers\Home->index()
#5 /opt/lampp/htdocs/vendor/codeigniter4/framework/system/CodeIgniter.php(398): CodeIgniter\CodeIgniter->runController(Object(App\Controllers\Home))
#6 /opt/lampp/htdocs/vendor/codeigniter4/framework/system/CodeIgniter.php(306): CodeIgniter\CodeIgniter->handleRequest(NULL, Object(Config\Cache), false)
#7 /opt/lampp/htdocs/public/index.php(45): CodeIgniter\CodeIgniter->run()
#8 {main}
CRITICAL - 2020-09-06 08:52:41 --> Trying to access array offset on value of type null
#0 /opt/lampp/htdocs/app/Views/home/index.php(88): CodeIgniter\Debug\Exceptions->errorHandler(8, 'Trying to acces...', '/opt/lampp/htdo...', 88, Array)
#1 /opt/lampp/htdocs/vendor/codeigniter4/framework/system/View/View.php(236): include('/opt/lampp/htdo...')
#2 /opt/lampp/htdocs/vendor/codeigniter4/framework/system/Common.php(1071): CodeIgniter\View\View->render('/home/index', Array, true)
#3 /opt/lampp/htdocs/app/Controllers/Home.php(20): view('/home/index', Array)
#4 /opt/lampp/htdocs/vendor/codeigniter4/framework/system/CodeIgniter.php(910): App\Controllers\Home->index()
#5 /opt/lampp/htdocs/vendor/codeigniter4/framework/system/CodeIgniter.php(398): CodeIgniter\CodeIgniter->runController(Object(App\Controllers\Home))
#6 /opt/lampp/htdocs/vendor/codeigniter4/framework/system/CodeIgniter.php(306): CodeIgniter\CodeIgniter->handleRequest(NULL, Object(Config\Cache), false)
#7 /opt/lampp/htdocs/public/index.php(45): CodeIgniter\CodeIgniter->run()
#8 {main}
CRITICAL - 2020-09-06 08:52:57 --> Trying to access array offset on value of type null
#0 /opt/lampp/htdocs/app/Views/home/index.php(88): CodeIgniter\Debug\Exceptions->errorHandler(8, 'Trying to acces...', '/opt/lampp/htdo...', 88, Array)
#1 /opt/lampp/htdocs/vendor/codeigniter4/framework/system/View/View.php(236): include('/opt/lampp/htdo...')
#2 /opt/lampp/htdocs/vendor/codeigniter4/framework/system/Common.php(1071): CodeIgniter\View\View->render('/home/index', Array, true)
#3 /opt/lampp/htdocs/app/Controllers/Home.php(20): view('/home/index', Array)
#4 /opt/lampp/htdocs/vendor/codeigniter4/framework/system/CodeIgniter.php(910): App\Controllers\Home->index()
#5 /opt/lampp/htdocs/vendor/codeigniter4/framework/system/CodeIgniter.php(398): CodeIgniter\CodeIgniter->runController(Object(App\Controllers\Home))
#6 /opt/lampp/htdocs/vendor/codeigniter4/framework/system/CodeIgniter.php(306): CodeIgniter\CodeIgniter->handleRequest(NULL, Object(Config\Cache), false)
#7 /opt/lampp/htdocs/public/index.php(45): CodeIgniter\CodeIgniter->run()
#8 {main}
CRITICAL - 2020-09-06 08:53:11 --> Cannot use object of type mysqli as array
#0 /opt/lampp/htdocs/vendor/codeigniter4/framework/system/View/View.php(236): include()
#1 /opt/lampp/htdocs/vendor/codeigniter4/framework/system/Common.php(1071): CodeIgniter\View\View->render('/home/index', Array, true)
#2 /opt/lampp/htdocs/app/Controllers/Home.php(20): view('/home/index', Array)
#3 /opt/lampp/htdocs/vendor/codeigniter4/framework/system/CodeIgniter.php(910): App\Controllers\Home->index()
#4 /opt/lampp/htdocs/vendor/codeigniter4/framework/system/CodeIgniter.php(398): CodeIgniter\CodeIgniter->runController(Object(App\Controllers\Home))
#5 /opt/lampp/htdocs/vendor/codeigniter4/framework/system/CodeIgniter.php(306): CodeIgniter\CodeIgniter->handleRequest(NULL, Object(Config\Cache), false)
#6 /opt/lampp/htdocs/public/index.php(45): CodeIgniter\CodeIgniter->run()
#7 {main}
CRITICAL - 2020-09-06 08:53:21 --> Cannot use object of type mysqli as array
#0 /opt/lampp/htdocs/vendor/codeigniter4/framework/system/View/View.php(236): include()
#1 /opt/lampp/htdocs/vendor/codeigniter4/framework/system/Common.php(1071): CodeIgniter\View\View->render('/home/index', Array, true)
#2 /opt/lampp/htdocs/app/Controllers/Home.php(20): view('/home/index', Array)
#3 /opt/lampp/htdocs/vendor/codeigniter4/framework/system/CodeIgniter.php(910): App\Controllers\Home->index()
#4 /opt/lampp/htdocs/vendor/codeigniter4/framework/system/CodeIgniter.php(398): CodeIgniter\CodeIgniter->runController(Object(App\Controllers\Home))
#5 /opt/lampp/htdocs/vendor/codeigniter4/framework/system/CodeIgniter.php(306): CodeIgniter\CodeIgniter->handleRequest(NULL, Object(Config\Cache), false)
#6 /opt/lampp/htdocs/public/index.php(45): CodeIgniter\CodeIgniter->run()
#7 {main}
CRITICAL - 2020-09-06 08:53:32 --> Trying to access array offset on value of type null
#0 /opt/lampp/htdocs/app/Views/home/index.php(88): CodeIgniter\Debug\Exceptions->errorHandler(8, 'Trying to acces...', '/opt/lampp/htdo...', 88, Array)
#1 /opt/lampp/htdocs/vendor/codeigniter4/framework/system/View/View.php(236): include('/opt/lampp/htdo...')
#2 /opt/lampp/htdocs/vendor/codeigniter4/framework/system/Common.php(1071): CodeIgniter\View\View->render('/home/index', Array, true)
#3 /opt/lampp/htdocs/app/Controllers/Home.php(20): view('/home/index', Array)
#4 /opt/lampp/htdocs/vendor/codeigniter4/framework/system/CodeIgniter.php(910): App\Controllers\Home->index()
#5 /opt/lampp/htdocs/vendor/codeigniter4/framework/system/CodeIgniter.php(398): CodeIgniter\CodeIgniter->runController(Object(App\Controllers\Home))
#6 /opt/lampp/htdocs/vendor/codeigniter4/framework/system/CodeIgniter.php(306): CodeIgniter\CodeIgniter->handleRequest(NULL, Object(Config\Cache), false)
#7 /opt/lampp/htdocs/public/index.php(45): CodeIgniter\CodeIgniter->run()
#8 {main}
CRITICAL - 2020-09-06 08:54:05 --> Trying to access array offset on value of type null
#0 /opt/lampp/htdocs/app/Views/home/index.php(88): CodeIgniter\Debug\Exceptions->errorHandler(8, 'Trying to acces...', '/opt/lampp/htdo...', 88, Array)
#1 /opt/lampp/htdocs/vendor/codeigniter4/framework/system/View/View.php(236): include('/opt/lampp/htdo...')
#2 /opt/lampp/htdocs/vendor/codeigniter4/framework/system/Common.php(1071): CodeIgniter\View\View->render('/home/index', Array, true)
#3 /opt/lampp/htdocs/app/Controllers/Home.php(20): view('/home/index', Array)
#4 /opt/lampp/htdocs/vendor/codeigniter4/framework/system/CodeIgniter.php(910): App\Controllers\Home->index()
#5 /opt/lampp/htdocs/vendor/codeigniter4/framework/system/CodeIgniter.php(398): CodeIgniter\CodeIgniter->runController(Object(App\Controllers\Home))
#6 /opt/lampp/htdocs/vendor/codeigniter4/framework/system/CodeIgniter.php(306): CodeIgniter\CodeIgniter->handleRequest(NULL, Object(Config\Cache), false)
#7 /opt/lampp/htdocs/public/index.php(45): CodeIgniter\CodeIgniter->run()
#8 {main}
CRITICAL - 2020-09-06 09:00:34 --> Trying to access array offset on value of type null
#0 /opt/lampp/htdocs/app/Views/home/index.php(88): CodeIgniter\Debug\Exceptions->errorHandler(8, 'Trying to acces...', '/opt/lampp/htdo...', 88, Array)
#1 /opt/lampp/htdocs/vendor/codeigniter4/framework/system/View/View.php(236): include('/opt/lampp/htdo...')
#2 /opt/lampp/htdocs/vendor/codeigniter4/framework/system/Common.php(1071): CodeIgniter\View\View->render('/home/index', Array, true)
#3 /opt/lampp/htdocs/app/Controllers/Home.php(20): view('/home/index', Array)
#4 /opt/lampp/htdocs/vendor/codeigniter4/framework/system/CodeIgniter.php(910): App\Controllers\Home->index()
#5 /opt/lampp/htdocs/vendor/codeigniter4/framework/system/CodeIgniter.php(398): CodeIgniter\CodeIgniter->runController(Object(App\Controllers\Home))
#6 /opt/lampp/htdocs/vendor/codeigniter4/framework/system/CodeIgniter.php(306): CodeIgniter\CodeIgniter->handleRequest(NULL, Object(Config\Cache), false)
#7 /opt/lampp/htdocs/public/index.php(45): CodeIgniter\CodeIgniter->run()
#8 {main}
CRITICAL - 2020-09-06 16:46:00 --> Trying to access array offset on value of type null
#0 /opt/lampp/htdocs/app/Views/home/index.php(88): CodeIgniter\Debug\Exceptions->errorHandler(8, 'Trying to acces...', '/opt/lampp/htdo...', 88, Array)
#1 /opt/lampp/htdocs/vendor/codeigniter4/framework/system/View/View.php(236): include('/opt/lampp/htdo...')
#2 /opt/lampp/htdocs/vendor/codeigniter4/framework/system/Common.php(1071): CodeIgniter\View\View->render('/home/index', Array, true)
#3 /opt/lampp/htdocs/app/Controllers/Home.php(20): view('/home/index', Array)
#4 /opt/lampp/htdocs/vendor/codeigniter4/framework/system/CodeIgniter.php(910): App\Controllers\Home->index()
#5 /opt/lampp/htdocs/vendor/codeigniter4/framework/system/CodeIgniter.php(398): CodeIgniter\CodeIgniter->runController(Object(App\Controllers\Home))
#6 /opt/lampp/htdocs/vendor/codeigniter4/framework/system/CodeIgniter.php(306): CodeIgniter\CodeIgniter->handleRequest(NULL, Object(Config\Cache), false)
#7 /opt/lampp/htdocs/public/index.php(45): CodeIgniter\CodeIgniter->run()
#8 {main}
