CRITICAL - 2020-09-04 04:40:29 --> Too few arguments to function App\Controllers\Dashboard::userdelete(), 0 passed in /opt/lampp/htdocs/vendor/codeigniter4/framework/system/CodeIgniter.php on line 910 and exactly 1 expected
#0 /opt/lampp/htdocs/vendor/codeigniter4/framework/system/CodeIgniter.php(910): App\Controllers\Dashboard->userdelete()
#1 /opt/lampp/htdocs/vendor/codeigniter4/framework/system/CodeIgniter.php(398): CodeIgniter\CodeIgniter->runController(Object(App\Controllers\Dashboard))
#2 /opt/lampp/htdocs/vendor/codeigniter4/framework/system/CodeIgniter.php(306): CodeIgniter\CodeIgniter->handleRequest(NULL, Object(Config\Cache), false)
#3 /opt/lampp/htdocs/public/index.php(45): CodeIgniter\CodeIgniter->run()
#4 {main}
CRITICAL - 2020-09-04 12:16:47 --> Call to undefined method App\Controllers\Dashboard::segment()
#0 /opt/lampp/htdocs/vendor/codeigniter4/framework/system/CodeIgniter.php(910): App\Controllers\Dashboard->userdelete()
#1 /opt/lampp/htdocs/vendor/codeigniter4/framework/system/CodeIgniter.php(398): CodeIgniter\CodeIgniter->runController(Object(App\Controllers\Dashboard))
#2 /opt/lampp/htdocs/vendor/codeigniter4/framework/system/CodeIgniter.php(306): CodeIgniter\CodeIgniter->handleRequest(NULL, Object(Config\Cache), false)
#3 /opt/lampp/htdocs/public/index.php(45): CodeIgniter\CodeIgniter->run()
#4 {main}
CRITICAL - 2020-09-04 12:17:52 --> Call to undefined method App\Controllers\Dashboard::segment()
#0 /opt/lampp/htdocs/vendor/codeigniter4/framework/system/CodeIgniter.php(910): App\Controllers\Dashboard->userdelete()
#1 /opt/lampp/htdocs/vendor/codeigniter4/framework/system/CodeIgniter.php(398): CodeIgniter\CodeIgniter->runController(Object(App\Controllers\Dashboard))
#2 /opt/lampp/htdocs/vendor/codeigniter4/framework/system/CodeIgniter.php(306): CodeIgniter\CodeIgniter->handleRequest(NULL, Object(Config\Cache), false)
#3 /opt/lampp/htdocs/public/index.php(45): CodeIgniter\CodeIgniter->run()
#4 {main}
CRITICAL - 2020-09-04 13:19:38 --> Class 'App\Controllers\Install\BaseController' not found
#0 /opt/lampp/htdocs/vendor/codeigniter4/framework/system/Autoloader/Autoloader.php(365): require_once()
#1 /opt/lampp/htdocs/vendor/codeigniter4/framework/system/Autoloader/Autoloader.php(296): CodeIgniter\Autoloader\Autoloader->requireFile('/opt/lampp/htdo...')
#2 /opt/lampp/htdocs/vendor/codeigniter4/framework/system/Autoloader/Autoloader.php(258): CodeIgniter\Autoloader\Autoloader->loadInNamespace('App\\Controllers...')
#3 [internal function]: CodeIgniter\Autoloader\Autoloader->loadClass('App\\Controllers...')
#4 [internal function]: spl_autoload_call('App\\Controllers...')
#5 /opt/lampp/htdocs/vendor/codeigniter4/framework/system/CodeIgniter.php(861): class_exists('\\App\\Controller...', true)
#6 /opt/lampp/htdocs/vendor/codeigniter4/framework/system/CodeIgniter.php(388): CodeIgniter\CodeIgniter->startController()
#7 /opt/lampp/htdocs/vendor/codeigniter4/framework/system/CodeIgniter.php(306): CodeIgniter\CodeIgniter->handleRequest(NULL, Object(Config\Cache), false)
#8 /opt/lampp/htdocs/public/index.php(45): CodeIgniter\CodeIgniter->run()
#9 {main}
CRITICAL - 2020-09-04 13:20:03 --> Class 'App\Controllers\UserMoldel' not found
#0 /opt/lampp/htdocs/vendor/codeigniter4/framework/system/CodeIgniter.php(910): App\Controllers\Dashboard->userdelete('2')
#1 /opt/lampp/htdocs/vendor/codeigniter4/framework/system/CodeIgniter.php(398): CodeIgniter\CodeIgniter->runController(Object(App\Controllers\Dashboard))
#2 /opt/lampp/htdocs/vendor/codeigniter4/framework/system/CodeIgniter.php(306): CodeIgniter\CodeIgniter->handleRequest(NULL, Object(Config\Cache), false)
#3 /opt/lampp/htdocs/public/index.php(45): CodeIgniter\CodeIgniter->run()
#4 {main}
CRITICAL - 2020-09-04 13:20:32 --> Class 'App\Controllers\UserMoldel' not found
#0 /opt/lampp/htdocs/vendor/codeigniter4/framework/system/CodeIgniter.php(910): App\Controllers\Dashboard->userdelete('2')
#1 /opt/lampp/htdocs/vendor/codeigniter4/framework/system/CodeIgniter.php(398): CodeIgniter\CodeIgniter->runController(Object(App\Controllers\Dashboard))
#2 /opt/lampp/htdocs/vendor/codeigniter4/framework/system/CodeIgniter.php(306): CodeIgniter\CodeIgniter->handleRequest(NULL, Object(Config\Cache), false)
#3 /opt/lampp/htdocs/public/index.php(45): CodeIgniter\CodeIgniter->run()
#4 {main}
CRITICAL - 2020-09-04 13:20:32 --> Class 'App\Controllers\UserMoldel' not found
#0 /opt/lampp/htdocs/vendor/codeigniter4/framework/system/CodeIgniter.php(910): App\Controllers\Dashboard->userdelete('2')
#1 /opt/lampp/htdocs/vendor/codeigniter4/framework/system/CodeIgniter.php(398): CodeIgniter\CodeIgniter->runController(Object(App\Controllers\Dashboard))
#2 /opt/lampp/htdocs/vendor/codeigniter4/framework/system/CodeIgniter.php(306): CodeIgniter\CodeIgniter->handleRequest(NULL, Object(Config\Cache), false)
#3 /opt/lampp/htdocs/public/index.php(45): CodeIgniter\CodeIgniter->run()
#4 {main}
CRITICAL - 2020-09-04 13:20:34 --> Class 'App\Controllers\UserMoldel' not found
#0 /opt/lampp/htdocs/vendor/codeigniter4/framework/system/CodeIgniter.php(910): App\Controllers\Dashboard->userdelete('2')
#1 /opt/lampp/htdocs/vendor/codeigniter4/framework/system/CodeIgniter.php(398): CodeIgniter\CodeIgniter->runController(Object(App\Controllers\Dashboard))
#2 /opt/lampp/htdocs/vendor/codeigniter4/framework/system/CodeIgniter.php(306): CodeIgniter\CodeIgniter->handleRequest(NULL, Object(Config\Cache), false)
#3 /opt/lampp/htdocs/public/index.php(45): CodeIgniter\CodeIgniter->run()
#4 {main}
CRITICAL - 2020-09-04 13:20:49 --> Undefined variable: model
#0 /opt/lampp/htdocs/app/Controllers/Dashboard.php(65): CodeIgniter\Debug\Exceptions->errorHandler(8, 'Undefined varia...', '/opt/lampp/htdo...', 65, Array)
#1 /opt/lampp/htdocs/vendor/codeigniter4/framework/system/CodeIgniter.php(910): App\Controllers\Dashboard->userdelete('2')
#2 /opt/lampp/htdocs/vendor/codeigniter4/framework/system/CodeIgniter.php(398): CodeIgniter\CodeIgniter->runController(Object(App\Controllers\Dashboard))
#3 /opt/lampp/htdocs/vendor/codeigniter4/framework/system/CodeIgniter.php(306): CodeIgniter\CodeIgniter->handleRequest(NULL, Object(Config\Cache), false)
#4 /opt/lampp/htdocs/public/index.php(45): CodeIgniter\CodeIgniter->run()
#5 {main}
CRITICAL - 2020-09-04 13:21:47 --> Class 'App\Controllers\UserMoldel' not found
#0 /opt/lampp/htdocs/vendor/codeigniter4/framework/system/CodeIgniter.php(910): App\Controllers\Dashboard->userdelete('2')
#1 /opt/lampp/htdocs/vendor/codeigniter4/framework/system/CodeIgniter.php(398): CodeIgniter\CodeIgniter->runController(Object(App\Controllers\Dashboard))
#2 /opt/lampp/htdocs/vendor/codeigniter4/framework/system/CodeIgniter.php(306): CodeIgniter\CodeIgniter->handleRequest(NULL, Object(Config\Cache), false)
#3 /opt/lampp/htdocs/public/index.php(45): CodeIgniter\CodeIgniter->run()
#4 {main}
CRITICAL - 2020-09-04 13:22:45 --> Undefined variable: model
#0 /opt/lampp/htdocs/app/Controllers/Dashboard.php(65): CodeIgniter\Debug\Exceptions->errorHandler(8, 'Undefined varia...', '/opt/lampp/htdo...', 65, Array)
#1 /opt/lampp/htdocs/vendor/codeigniter4/framework/system/CodeIgniter.php(910): App\Controllers\Dashboard->userdelete('2')
#2 /opt/lampp/htdocs/vendor/codeigniter4/framework/system/CodeIgniter.php(398): CodeIgniter\CodeIgniter->runController(Object(App\Controllers\Dashboard))
#3 /opt/lampp/htdocs/vendor/codeigniter4/framework/system/CodeIgniter.php(306): CodeIgniter\CodeIgniter->handleRequest(NULL, Object(Config\Cache), false)
#4 /opt/lampp/htdocs/public/index.php(45): CodeIgniter\CodeIgniter->run()
#5 {main}
CRITICAL - 2020-09-04 13:22:59 --> Undefined variable: model
#0 /opt/lampp/htdocs/app/Controllers/Dashboard.php(65): CodeIgniter\Debug\Exceptions->errorHandler(8, 'Undefined varia...', '/opt/lampp/htdo...', 65, Array)
#1 /opt/lampp/htdocs/vendor/codeigniter4/framework/system/CodeIgniter.php(910): App\Controllers\Dashboard->userdelete('2')
#2 /opt/lampp/htdocs/vendor/codeigniter4/framework/system/CodeIgniter.php(398): CodeIgniter\CodeIgniter->runController(Object(App\Controllers\Dashboard))
#3 /opt/lampp/htdocs/vendor/codeigniter4/framework/system/CodeIgniter.php(306): CodeIgniter\CodeIgniter->handleRequest(NULL, Object(Config\Cache), false)
#4 /opt/lampp/htdocs/public/index.php(45): CodeIgniter\CodeIgniter->run()
#5 {main}
CRITICAL - 2020-09-04 13:23:14 --> Class 'App\Controllers\UserMoldel' not found
#0 /opt/lampp/htdocs/vendor/codeigniter4/framework/system/CodeIgniter.php(910): App\Controllers\Dashboard->userdelete('2')
#1 /opt/lampp/htdocs/vendor/codeigniter4/framework/system/CodeIgniter.php(398): CodeIgniter\CodeIgniter->runController(Object(App\Controllers\Dashboard))
#2 /opt/lampp/htdocs/vendor/codeigniter4/framework/system/CodeIgniter.php(306): CodeIgniter\CodeIgniter->handleRequest(NULL, Object(Config\Cache), false)
#3 /opt/lampp/htdocs/public/index.php(45): CodeIgniter\CodeIgniter->run()
#4 {main}
CRITICAL - 2020-09-04 13:24:36 --> Trying to access array offset on value of type null
#0 /opt/lampp/htdocs/app/Views/admin/user.php(3): CodeIgniter\Debug\Exceptions->errorHandler(8, 'Trying to acces...', '/opt/lampp/htdo...', 3, Array)
#1 /opt/lampp/htdocs/vendor/codeigniter4/framework/system/View/View.php(236): include('/opt/lampp/htdo...')
#2 /opt/lampp/htdocs/vendor/codeigniter4/framework/system/Common.php(1071): CodeIgniter\View\View->render('admin/user', Array, true)
#3 /opt/lampp/htdocs/app/Controllers/Dashboard.php(41): view('admin/user', Array, Array)
#4 /opt/lampp/htdocs/vendor/codeigniter4/framework/system/CodeIgniter.php(910): App\Controllers\Dashboard->user()
#5 /opt/lampp/htdocs/vendor/codeigniter4/framework/system/CodeIgniter.php(398): CodeIgniter\CodeIgniter->runController(Object(App\Controllers\Dashboard))
#6 /opt/lampp/htdocs/vendor/codeigniter4/framework/system/CodeIgniter.php(306): CodeIgniter\CodeIgniter->handleRequest(NULL, Object(Config\Cache), false)
#7 /opt/lampp/htdocs/public/index.php(45): CodeIgniter\CodeIgniter->run()
#8 {main}
CRITICAL - 2020-09-04 13:24:41 --> Trying to access array offset on value of type null
#0 /opt/lampp/htdocs/app/Views/admin/user.php(3): CodeIgniter\Debug\Exceptions->errorHandler(8, 'Trying to acces...', '/opt/lampp/htdo...', 3, Array)
#1 /opt/lampp/htdocs/vendor/codeigniter4/framework/system/View/View.php(236): include('/opt/lampp/htdo...')
#2 /opt/lampp/htdocs/vendor/codeigniter4/framework/system/Common.php(1071): CodeIgniter\View\View->render('admin/user', Array, true)
#3 /opt/lampp/htdocs/app/Controllers/Dashboard.php(41): view('admin/user', Array, Array)
#4 /opt/lampp/htdocs/vendor/codeigniter4/framework/system/CodeIgniter.php(910): App\Controllers\Dashboard->user()
#5 /opt/lampp/htdocs/vendor/codeigniter4/framework/system/CodeIgniter.php(398): CodeIgniter\CodeIgniter->runController(Object(App\Controllers\Dashboard))
#6 /opt/lampp/htdocs/vendor/codeigniter4/framework/system/CodeIgniter.php(306): CodeIgniter\CodeIgniter->handleRequest(NULL, Object(Config\Cache), false)
#7 /opt/lampp/htdocs/public/index.php(45): CodeIgniter\CodeIgniter->run()
#8 {main}
CRITICAL - 2020-09-04 13:28:40 --> Undefined variable: session
#0 /opt/lampp/htdocs/app/Controllers/Dashboard.php(66): CodeIgniter\Debug\Exceptions->errorHandler(8, 'Undefined varia...', '/opt/lampp/htdo...', 66, Array)
#1 /opt/lampp/htdocs/vendor/codeigniter4/framework/system/CodeIgniter.php(910): App\Controllers\Dashboard->userdelete('5')
#2 /opt/lampp/htdocs/vendor/codeigniter4/framework/system/CodeIgniter.php(398): CodeIgniter\CodeIgniter->runController(Object(App\Controllers\Dashboard))
#3 /opt/lampp/htdocs/vendor/codeigniter4/framework/system/CodeIgniter.php(306): CodeIgniter\CodeIgniter->handleRequest(NULL, Object(Config\Cache), false)
#4 /opt/lampp/htdocs/public/index.php(45): CodeIgniter\CodeIgniter->run()
#5 {main}
CRITICAL - 2020-09-04 13:29:59 --> Undefined variable: session
#0 /opt/lampp/htdocs/app/Controllers/Dashboard.php(66): CodeIgniter\Debug\Exceptions->errorHandler(8, 'Undefined varia...', '/opt/lampp/htdo...', 66, Array)
#1 /opt/lampp/htdocs/vendor/codeigniter4/framework/system/CodeIgniter.php(910): App\Controllers\Dashboard->userdelete('5')
#2 /opt/lampp/htdocs/vendor/codeigniter4/framework/system/CodeIgniter.php(398): CodeIgniter\CodeIgniter->runController(Object(App\Controllers\Dashboard))
#3 /opt/lampp/htdocs/vendor/codeigniter4/framework/system/CodeIgniter.php(306): CodeIgniter\CodeIgniter->handleRequest(NULL, Object(Config\Cache), false)
#4 /opt/lampp/htdocs/public/index.php(45): CodeIgniter\CodeIgniter->run()
#5 {main}
CRITICAL - 2020-09-04 13:32:02 --> Undefined variable: session
#0 /opt/lampp/htdocs/app/Controllers/Dashboard.php(66): CodeIgniter\Debug\Exceptions->errorHandler(8, 'Undefined varia...', '/opt/lampp/htdo...', 66, Array)
#1 /opt/lampp/htdocs/vendor/codeigniter4/framework/system/CodeIgniter.php(910): App\Controllers\Dashboard->userdelete('5')
#2 /opt/lampp/htdocs/vendor/codeigniter4/framework/system/CodeIgniter.php(398): CodeIgniter\CodeIgniter->runController(Object(App\Controllers\Dashboard))
#3 /opt/lampp/htdocs/vendor/codeigniter4/framework/system/CodeIgniter.php(306): CodeIgniter\CodeIgniter->handleRequest(NULL, Object(Config\Cache), false)
#4 /opt/lampp/htdocs/public/index.php(45): CodeIgniter\CodeIgniter->run()
#5 {main}
CRITICAL - 2020-09-04 15:37:15 --> Argument 2 passed to view() must be of the type array, null given, called in /opt/lampp/htdocs/app/Controllers/Dashboard.php on line 16
#0 /opt/lampp/htdocs/app/Controllers/Dashboard.php(16): view('admin/dashboard', NULL)
#1 /opt/lampp/htdocs/vendor/codeigniter4/framework/system/CodeIgniter.php(910): App\Controllers\Dashboard->index()
#2 /opt/lampp/htdocs/vendor/codeigniter4/framework/system/CodeIgniter.php(398): CodeIgniter\CodeIgniter->runController(Object(App\Controllers\Dashboard))
#3 /opt/lampp/htdocs/vendor/codeigniter4/framework/system/CodeIgniter.php(306): CodeIgniter\CodeIgniter->handleRequest(NULL, Object(Config\Cache), false)
#4 /opt/lampp/htdocs/public/index.php(45): CodeIgniter\CodeIgniter->run()
#5 {main}
CRITICAL - 2020-09-04 15:42:31 --> Object of class CodeIgniter\Database\MySQLi\Result could not be converted to string
#0 /opt/lampp/htdocs/vendor/codeigniter4/framework/system/View/View.php(236): include()
#1 /opt/lampp/htdocs/vendor/codeigniter4/framework/system/Common.php(1071): CodeIgniter\View\View->render('admin/dashboard', Array, true)
#2 /opt/lampp/htdocs/app/Controllers/Dashboard.php(17): view('admin/dashboard', Array)
#3 /opt/lampp/htdocs/vendor/codeigniter4/framework/system/CodeIgniter.php(910): App\Controllers\Dashboard->index()
#4 /opt/lampp/htdocs/vendor/codeigniter4/framework/system/CodeIgniter.php(398): CodeIgniter\CodeIgniter->runController(Object(App\Controllers\Dashboard))
#5 /opt/lampp/htdocs/vendor/codeigniter4/framework/system/CodeIgniter.php(306): CodeIgniter\CodeIgniter->handleRequest(NULL, Object(Config\Cache), false)
#6 /opt/lampp/htdocs/public/index.php(45): CodeIgniter\CodeIgniter->run()
#7 {main}
CRITICAL - 2020-09-04 15:42:42 --> Object of class CodeIgniter\Database\MySQLi\Result could not be converted to string
#0 /opt/lampp/htdocs/vendor/codeigniter4/framework/system/View/View.php(236): include()
#1 /opt/lampp/htdocs/vendor/codeigniter4/framework/system/Common.php(1071): CodeIgniter\View\View->render('admin/dashboard', Array, true)
#2 /opt/lampp/htdocs/app/Controllers/Dashboard.php(17): view('admin/dashboard', Array)
#3 /opt/lampp/htdocs/vendor/codeigniter4/framework/system/CodeIgniter.php(910): App\Controllers\Dashboard->index()
#4 /opt/lampp/htdocs/vendor/codeigniter4/framework/system/CodeIgniter.php(398): CodeIgniter\CodeIgniter->runController(Object(App\Controllers\Dashboard))
#5 /opt/lampp/htdocs/vendor/codeigniter4/framework/system/CodeIgniter.php(306): CodeIgniter\CodeIgniter->handleRequest(NULL, Object(Config\Cache), false)
#6 /opt/lampp/htdocs/public/index.php(45): CodeIgniter\CodeIgniter->run()
#7 {main}
CRITICAL - 2020-09-04 15:48:55 --> Call to undefined method CodeIgniter\Database\MySQLi\Result::num_rows()
#0 /opt/lampp/htdocs/app/Controllers/Dashboard.php(14): App\Controllers\Dashboard->countUser()
#1 /opt/lampp/htdocs/vendor/codeigniter4/framework/system/CodeIgniter.php(910): App\Controllers\Dashboard->index()
#2 /opt/lampp/htdocs/vendor/codeigniter4/framework/system/CodeIgniter.php(398): CodeIgniter\CodeIgniter->runController(Object(App\Controllers\Dashboard))
#3 /opt/lampp/htdocs/vendor/codeigniter4/framework/system/CodeIgniter.php(306): CodeIgniter\CodeIgniter->handleRequest(NULL, Object(Config\Cache), false)
#4 /opt/lampp/htdocs/public/index.php(45): CodeIgniter\CodeIgniter->run()
#5 {main}
CRITICAL - 2020-09-04 15:55:34 --> Undefined variable: count
#0 /opt/lampp/htdocs/app/Views/admin/dashboard.php(6): CodeIgniter\Debug\Exceptions->errorHandler(8, 'Undefined varia...', '/opt/lampp/htdo...', 6, Array)
#1 /opt/lampp/htdocs/vendor/codeigniter4/framework/system/View/View.php(236): include('/opt/lampp/htdo...')
#2 /opt/lampp/htdocs/vendor/codeigniter4/framework/system/Common.php(1071): CodeIgniter\View\View->render('admin/dashboard', Array, true)
#3 /opt/lampp/htdocs/app/Controllers/Dashboard.php(17): view('admin/dashboard', Array)
#4 /opt/lampp/htdocs/vendor/codeigniter4/framework/system/CodeIgniter.php(910): App\Controllers\Dashboard->index()
#5 /opt/lampp/htdocs/vendor/codeigniter4/framework/system/CodeIgniter.php(398): CodeIgniter\CodeIgniter->runController(Object(App\Controllers\Dashboard))
#6 /opt/lampp/htdocs/vendor/codeigniter4/framework/system/CodeIgniter.php(306): CodeIgniter\CodeIgniter->handleRequest(NULL, Object(Config\Cache), false)
#7 /opt/lampp/htdocs/public/index.php(45): CodeIgniter\CodeIgniter->run()
#8 {main}
CRITICAL - 2020-09-04 15:57:48 --> Call to undefined method CodeIgniter\Database\MySQLi\Result::num_rows()
#0 /opt/lampp/htdocs/app/Controllers/Dashboard.php(14): App\Controllers\Dashboard->countUser()
#1 /opt/lampp/htdocs/vendor/codeigniter4/framework/system/CodeIgniter.php(910): App\Controllers\Dashboard->index()
#2 /opt/lampp/htdocs/vendor/codeigniter4/framework/system/CodeIgniter.php(398): CodeIgniter\CodeIgniter->runController(Object(App\Controllers\Dashboard))
#3 /opt/lampp/htdocs/vendor/codeigniter4/framework/system/CodeIgniter.php(306): CodeIgniter\CodeIgniter->handleRequest(NULL, Object(Config\Cache), false)
#4 /opt/lampp/htdocs/public/index.php(45): CodeIgniter\CodeIgniter->run()
#5 {main}
CRITICAL - 2020-09-04 16:00:00 --> Call to undefined method CodeIgniter\Database\MySQLi\Result::num_rows()
#0 /opt/lampp/htdocs/app/Controllers/Dashboard.php(13): App\Controllers\Dashboard->countUser()
#1 /opt/lampp/htdocs/vendor/codeigniter4/framework/system/CodeIgniter.php(910): App\Controllers\Dashboard->index()
#2 /opt/lampp/htdocs/vendor/codeigniter4/framework/system/CodeIgniter.php(398): CodeIgniter\CodeIgniter->runController(Object(App\Controllers\Dashboard))
#3 /opt/lampp/htdocs/vendor/codeigniter4/framework/system/CodeIgniter.php(306): CodeIgniter\CodeIgniter->handleRequest(NULL, Object(Config\Cache), false)
#4 /opt/lampp/htdocs/public/index.php(45): CodeIgniter\CodeIgniter->run()
#5 {main}
CRITICAL - 2020-09-04 16:05:12 --> Unknown column 'users' in 'field list'
#0 /opt/lampp/htdocs/vendor/codeigniter4/framework/system/Database/MySQLi/Connection.php(330): mysqli->query('SELECT `users`\n...')
#1 /opt/lampp/htdocs/vendor/codeigniter4/framework/system/Database/BaseConnection.php(738): CodeIgniter\Database\MySQLi\Connection->execute('SELECT `users`\n...')
#2 /opt/lampp/htdocs/vendor/codeigniter4/framework/system/Database/BaseConnection.php(666): CodeIgniter\Database\BaseConnection->simpleQuery('SELECT `users`\n...')
#3 /opt/lampp/htdocs/vendor/codeigniter4/framework/system/Database/BaseBuilder.php(1819): CodeIgniter\Database\BaseConnection->query('SELECT `users`\n...', Array, false)
#4 /opt/lampp/htdocs/vendor/codeigniter4/framework/system/Model.php(387): CodeIgniter\Database\BaseBuilder->get()
#5 /opt/lampp/htdocs/vendor/codeigniter4/framework/system/Model.php(419): CodeIgniter\Model->find()
#6 /opt/lampp/htdocs/app/Controllers/Dashboard.php(13): CodeIgniter\Model->findColumn('users')
#7 /opt/lampp/htdocs/vendor/codeigniter4/framework/system/CodeIgniter.php(910): App\Controllers\Dashboard->index()
#8 /opt/lampp/htdocs/vendor/codeigniter4/framework/system/CodeIgniter.php(398): CodeIgniter\CodeIgniter->runController(Object(App\Controllers\Dashboard))
#9 /opt/lampp/htdocs/vendor/codeigniter4/framework/system/CodeIgniter.php(306): CodeIgniter\CodeIgniter->handleRequest(NULL, Object(Config\Cache), false)
#10 /opt/lampp/htdocs/public/index.php(45): CodeIgniter\CodeIgniter->run()
#11 {main}
CRITICAL - 2020-09-04 16:05:28 --> Too few arguments to function CodeIgniter\Model::findColumn(), 0 passed in /opt/lampp/htdocs/app/Controllers/Dashboard.php on line 13 and exactly 1 expected
#0 /opt/lampp/htdocs/app/Controllers/Dashboard.php(13): CodeIgniter\Model->findColumn()
#1 /opt/lampp/htdocs/vendor/codeigniter4/framework/system/CodeIgniter.php(910): App\Controllers\Dashboard->index()
#2 /opt/lampp/htdocs/vendor/codeigniter4/framework/system/CodeIgniter.php(398): CodeIgniter\CodeIgniter->runController(Object(App\Controllers\Dashboard))
#3 /opt/lampp/htdocs/vendor/codeigniter4/framework/system/CodeIgniter.php(306): CodeIgniter\CodeIgniter->handleRequest(NULL, Object(Config\Cache), false)
#4 /opt/lampp/htdocs/public/index.php(45): CodeIgniter\CodeIgniter->run()
#5 {main}
CRITICAL - 2020-09-04 16:05:39 --> Array to string conversion
#0 /opt/lampp/htdocs/app/Views/admin/dashboard.php(6): CodeIgniter\Debug\Exceptions->errorHandler(8, 'Array to string...', '/opt/lampp/htdo...', 6, Array)
#1 /opt/lampp/htdocs/vendor/codeigniter4/framework/system/View/View.php(236): include('/opt/lampp/htdo...')
#2 /opt/lampp/htdocs/vendor/codeigniter4/framework/system/Common.php(1071): CodeIgniter\View\View->render('admin/dashboard', Array, true)
#3 /opt/lampp/htdocs/app/Controllers/Dashboard.php(18): view('admin/dashboard', Array)
#4 /opt/lampp/htdocs/vendor/codeigniter4/framework/system/CodeIgniter.php(910): App\Controllers\Dashboard->index()
#5 /opt/lampp/htdocs/vendor/codeigniter4/framework/system/CodeIgniter.php(398): CodeIgniter\CodeIgniter->runController(Object(App\Controllers\Dashboard))
#6 /opt/lampp/htdocs/vendor/codeigniter4/framework/system/CodeIgniter.php(306): CodeIgniter\CodeIgniter->handleRequest(NULL, Object(Config\Cache), false)
#7 /opt/lampp/htdocs/public/index.php(45): CodeIgniter\CodeIgniter->run()
#8 {main}
CRITICAL - 2020-09-04 16:08:18 --> count(): Parameter must be an array or an object that implements Countable
#0 /opt/lampp/htdocs/app/Views/admin/dashboard.php(6): CodeIgniter\Debug\Exceptions->errorHandler(2, 'count(): Parame...', '/opt/lampp/htdo...', 6, Array)
#1 /opt/lampp/htdocs/vendor/codeigniter4/framework/system/View/View.php(236): include('/opt/lampp/htdo...')
#2 /opt/lampp/htdocs/vendor/codeigniter4/framework/system/Common.php(1071): CodeIgniter\View\View->render('admin/dashboard', Array, true)
#3 /opt/lampp/htdocs/app/Controllers/Dashboard.php(18): view('admin/dashboard', Array)
#4 /opt/lampp/htdocs/vendor/codeigniter4/framework/system/CodeIgniter.php(910): App\Controllers\Dashboard->index()
#5 /opt/lampp/htdocs/vendor/codeigniter4/framework/system/CodeIgniter.php(398): CodeIgniter\CodeIgniter->runController(Object(App\Controllers\Dashboard))
#6 /opt/lampp/htdocs/vendor/codeigniter4/framework/system/CodeIgniter.php(306): CodeIgniter\CodeIgniter->handleRequest(NULL, Object(Config\Cache), false)
#7 /opt/lampp/htdocs/public/index.php(45): CodeIgniter\CodeIgniter->run()
#8 {main}
CRITICAL - 2020-09-04 16:10:32 --> Array to string conversion
#0 /opt/lampp/htdocs/app/Views/admin/dashboard.php(6): CodeIgniter\Debug\Exceptions->errorHandler(8, 'Array to string...', '/opt/lampp/htdo...', 6, Array)
#1 /opt/lampp/htdocs/vendor/codeigniter4/framework/system/View/View.php(236): include('/opt/lampp/htdo...')
#2 /opt/lampp/htdocs/vendor/codeigniter4/framework/system/Common.php(1071): CodeIgniter\View\View->render('admin/dashboard', Array, true)
#3 /opt/lampp/htdocs/app/Controllers/Dashboard.php(18): view('admin/dashboard', Array)
#4 /opt/lampp/htdocs/vendor/codeigniter4/framework/system/CodeIgniter.php(910): App\Controllers\Dashboard->index()
#5 /opt/lampp/htdocs/vendor/codeigniter4/framework/system/CodeIgniter.php(398): CodeIgniter\CodeIgniter->runController(Object(App\Controllers\Dashboard))
#6 /opt/lampp/htdocs/vendor/codeigniter4/framework/system/CodeIgniter.php(306): CodeIgniter\CodeIgniter->handleRequest(NULL, Object(Config\Cache), false)
#7 /opt/lampp/htdocs/public/index.php(45): CodeIgniter\CodeIgniter->run()
#8 {main}
CRITICAL - 2020-09-04 16:35:17 --> Call to undefined function set_value()
#0 /opt/lampp/htdocs/vendor/codeigniter4/framework/system/View/View.php(236): include()
#1 /opt/lampp/htdocs/vendor/codeigniter4/framework/system/Common.php(1071): CodeIgniter\View\View->render('admin/adduser', Array, true)
#2 /opt/lampp/htdocs/app/Controllers/Dashboard.php(69): view('admin/adduser', Array, Array)
#3 /opt/lampp/htdocs/vendor/codeigniter4/framework/system/CodeIgniter.php(910): App\Controllers\Dashboard->adduser()
#4 /opt/lampp/htdocs/vendor/codeigniter4/framework/system/CodeIgniter.php(398): CodeIgniter\CodeIgniter->runController(Object(App\Controllers\Dashboard))
#5 /opt/lampp/htdocs/vendor/codeigniter4/framework/system/CodeIgniter.php(306): CodeIgniter\CodeIgniter->handleRequest(NULL, Object(Config\Cache), false)
#6 /opt/lampp/htdocs/public/index.php(45): CodeIgniter\CodeIgniter->run()
#7 {main}
CRITICAL - 2020-09-04 16:39:56 --> Undefined variable: user
#0 /opt/lampp/htdocs/app/Views/admin/templates/header.php(251): CodeIgniter\Debug\Exceptions->errorHandler(8, 'Undefined varia...', '/opt/lampp/htdo...', 251, Array)
#1 /opt/lampp/htdocs/vendor/codeigniter4/framework/system/View/View.php(236): include('/opt/lampp/htdo...')
#2 /opt/lampp/htdocs/vendor/codeigniter4/framework/system/Common.php(1071): CodeIgniter\View\View->render('admin/templates...', Array, true)
#3 /opt/lampp/htdocs/app/Controllers/Dashboard.php(90): view('admin/templates...', Array)
#4 /opt/lampp/htdocs/vendor/codeigniter4/framework/system/CodeIgniter.php(910): App\Controllers\Dashboard->adduser()
#5 /opt/lampp/htdocs/vendor/codeigniter4/framework/system/CodeIgniter.php(398): CodeIgniter\CodeIgniter->runController(Object(App\Controllers\Dashboard))
#6 /opt/lampp/htdocs/vendor/codeigniter4/framework/system/CodeIgniter.php(306): CodeIgniter\CodeIgniter->handleRequest(NULL, Object(Config\Cache), false)
#7 /opt/lampp/htdocs/public/index.php(45): CodeIgniter\CodeIgniter->run()
#8 {main}
CRITICAL - 2020-09-04 17:06:18 --> Undefined variable: user
#0 /opt/lampp/htdocs/app/Views/admin/templates/header.php(251): CodeIgniter\Debug\Exceptions->errorHandler(8, 'Undefined varia...', '/opt/lampp/htdo...', 251, Array)
#1 /opt/lampp/htdocs/vendor/codeigniter4/framework/system/View/View.php(236): include('/opt/lampp/htdo...')
#2 /opt/lampp/htdocs/vendor/codeigniter4/framework/system/Common.php(1071): CodeIgniter\View\View->render('admin/templates...', Array, true)
#3 /opt/lampp/htdocs/app/Controllers/Users.php(96): view('admin/templates...', Array)
#4 /opt/lampp/htdocs/vendor/codeigniter4/framework/system/CodeIgniter.php(910): App\Controllers\Users->register()
#5 /opt/lampp/htdocs/vendor/codeigniter4/framework/system/CodeIgniter.php(398): CodeIgniter\CodeIgniter->runController(Object(App\Controllers\Users))
#6 /opt/lampp/htdocs/vendor/codeigniter4/framework/system/CodeIgniter.php(306): CodeIgniter\CodeIgniter->handleRequest(NULL, Object(Config\Cache), false)
#7 /opt/lampp/htdocs/public/index.php(45): CodeIgniter\CodeIgniter->run()
#8 {main}
CRITICAL - 2020-09-04 17:07:40 --> Undefined variable: user
#0 /opt/lampp/htdocs/app/Views/admin/templates/header.php(251): CodeIgniter\Debug\Exceptions->errorHandler(8, 'Undefined varia...', '/opt/lampp/htdo...', 251, Array)
#1 /opt/lampp/htdocs/vendor/codeigniter4/framework/system/View/View.php(236): include('/opt/lampp/htdo...')
#2 /opt/lampp/htdocs/vendor/codeigniter4/framework/system/Common.php(1071): CodeIgniter\View\View->render('admin/templates...', Array, true)
#3 /opt/lampp/htdocs/app/Controllers/Users.php(96): view('admin/templates...', Array)
#4 /opt/lampp/htdocs/vendor/codeigniter4/framework/system/CodeIgniter.php(910): App\Controllers\Users->register()
#5 /opt/lampp/htdocs/vendor/codeigniter4/framework/system/CodeIgniter.php(398): CodeIgniter\CodeIgniter->runController(Object(App\Controllers\Users))
#6 /opt/lampp/htdocs/vendor/codeigniter4/framework/system/CodeIgniter.php(306): CodeIgniter\CodeIgniter->handleRequest(NULL, Object(Config\Cache), false)
#7 /opt/lampp/htdocs/public/index.php(45): CodeIgniter\CodeIgniter->run()
#8 {main}
CRITICAL - 2020-09-04 17:07:56 --> Undefined variable: user
#0 /opt/lampp/htdocs/app/Views/admin/templates/header.php(251): CodeIgniter\Debug\Exceptions->errorHandler(8, 'Undefined varia...', '/opt/lampp/htdo...', 251, Array)
#1 /opt/lampp/htdocs/vendor/codeigniter4/framework/system/View/View.php(236): include('/opt/lampp/htdo...')
#2 /opt/lampp/htdocs/vendor/codeigniter4/framework/system/Common.php(1071): CodeIgniter\View\View->render('admin/templates...', Array, true)
#3 /opt/lampp/htdocs/app/Controllers/Users.php(96): view('admin/templates...', Array)
#4 /opt/lampp/htdocs/vendor/codeigniter4/framework/system/CodeIgniter.php(910): App\Controllers\Users->register()
#5 /opt/lampp/htdocs/vendor/codeigniter4/framework/system/CodeIgniter.php(398): CodeIgniter\CodeIgniter->runController(Object(App\Controllers\Users))
#6 /opt/lampp/htdocs/vendor/codeigniter4/framework/system/CodeIgniter.php(306): CodeIgniter\CodeIgniter->handleRequest(NULL, Object(Config\Cache), false)
#7 /opt/lampp/htdocs/public/index.php(45): CodeIgniter\CodeIgniter->run()
#8 {main}
CRITICAL - 2020-09-04 17:34:37 --> Invalid file: welcome_message.php
#0 /opt/lampp/htdocs/vendor/codeigniter4/framework/system/View/View.php(224): CodeIgniter\Exceptions\FrameworkException::forInvalidFile('welcome_message...')
#1 /opt/lampp/htdocs/vendor/codeigniter4/framework/system/Common.php(1071): CodeIgniter\View\View->render('welcome_message', Array, true)
#2 /opt/lampp/htdocs/app/Controllers/Home.php(7): view('welcome_message')
#3 /opt/lampp/htdocs/vendor/codeigniter4/framework/system/CodeIgniter.php(910): App\Controllers\Home->index()
#4 /opt/lampp/htdocs/vendor/codeigniter4/framework/system/CodeIgniter.php(398): CodeIgniter\CodeIgniter->runController(Object(App\Controllers\Home))
#5 /opt/lampp/htdocs/vendor/codeigniter4/framework/system/CodeIgniter.php(306): CodeIgniter\CodeIgniter->handleRequest(NULL, Object(Config\Cache), false)
#6 /opt/lampp/htdocs/public/index.php(45): CodeIgniter\CodeIgniter->run()
#7 {main}
CRITICAL - 2020-09-04 17:38:18 --> Invalid file: welcome_message.php
#0 /opt/lampp/htdocs/vendor/codeigniter4/framework/system/View/View.php(224): CodeIgniter\Exceptions\FrameworkException::forInvalidFile('welcome_message...')
#1 /opt/lampp/htdocs/vendor/codeigniter4/framework/system/Common.php(1071): CodeIgniter\View\View->render('welcome_message', Array, true)
#2 /opt/lampp/htdocs/app/Controllers/Home.php(7): view('welcome_message')
#3 /opt/lampp/htdocs/vendor/codeigniter4/framework/system/CodeIgniter.php(910): App\Controllers\Home->index()
#4 /opt/lampp/htdocs/vendor/codeigniter4/framework/system/CodeIgniter.php(398): CodeIgniter\CodeIgniter->runController(Object(App\Controllers\Home))
#5 /opt/lampp/htdocs/vendor/codeigniter4/framework/system/CodeIgniter.php(306): CodeIgniter\CodeIgniter->handleRequest(NULL, Object(Config\Cache), false)
#6 /opt/lampp/htdocs/public/index.php(45): CodeIgniter\CodeIgniter->run()
#7 {main}
CRITICAL - 2020-09-04 17:41:07 --> Undefined variable: data
#0 /opt/lampp/htdocs/app/Controllers/Dashboard.php(10): CodeIgniter\Debug\Exceptions->errorHandler(8, 'Undefined varia...', '/opt/lampp/htdo...', 10, Array)
#1 /opt/lampp/htdocs/vendor/codeigniter4/framework/system/CodeIgniter.php(910): App\Controllers\Dashboard->index()
#2 /opt/lampp/htdocs/vendor/codeigniter4/framework/system/CodeIgniter.php(398): CodeIgniter\CodeIgniter->runController(Object(App\Controllers\Dashboard))
#3 /opt/lampp/htdocs/vendor/codeigniter4/framework/system/CodeIgniter.php(306): CodeIgniter\CodeIgniter->handleRequest(NULL, Object(Config\Cache), false)
#4 /opt/lampp/htdocs/public/index.php(45): CodeIgniter\CodeIgniter->run()
#5 {main}
CRITICAL - 2020-09-04 17:42:13 --> Undefined variable: model
#0 /opt/lampp/htdocs/app/Controllers/Dashboard.php(108): CodeIgniter\Debug\Exceptions->errorHandler(8, 'Undefined varia...', '/opt/lampp/htdo...', 108, Array)
#1 /opt/lampp/htdocs/app/Controllers/Dashboard.php(9): App\Controllers\Dashboard->checkAdmin()
#2 /opt/lampp/htdocs/vendor/codeigniter4/framework/system/CodeIgniter.php(910): App\Controllers\Dashboard->index()
#3 /opt/lampp/htdocs/vendor/codeigniter4/framework/system/CodeIgniter.php(398): CodeIgniter\CodeIgniter->runController(Object(App\Controllers\Dashboard))
#4 /opt/lampp/htdocs/vendor/codeigniter4/framework/system/CodeIgniter.php(306): CodeIgniter\CodeIgniter->handleRequest(NULL, Object(Config\Cache), false)
#5 /opt/lampp/htdocs/public/index.php(45): CodeIgniter\CodeIgniter->run()
#6 {main}
CRITICAL - 2020-09-04 17:42:40 --> Undefined variable: user
#0 /opt/lampp/htdocs/app/Views/admin/templates/header.php(251): CodeIgniter\Debug\Exceptions->errorHandler(8, 'Undefined varia...', '/opt/lampp/htdo...', 251, Array)
#1 /opt/lampp/htdocs/vendor/codeigniter4/framework/system/View/View.php(236): include('/opt/lampp/htdo...')
#2 /opt/lampp/htdocs/vendor/codeigniter4/framework/system/Common.php(1071): CodeIgniter\View\View->render('admin/templates...', Array, true)
#3 /opt/lampp/htdocs/app/Controllers/Dashboard.php(12): view('admin/templates...', Array)
#4 /opt/lampp/htdocs/vendor/codeigniter4/framework/system/CodeIgniter.php(910): App\Controllers\Dashboard->index()
#5 /opt/lampp/htdocs/vendor/codeigniter4/framework/system/CodeIgniter.php(398): CodeIgniter\CodeIgniter->runController(Object(App\Controllers\Dashboard))
#6 /opt/lampp/htdocs/vendor/codeigniter4/framework/system/CodeIgniter.php(306): CodeIgniter\CodeIgniter->handleRequest(NULL, Object(Config\Cache), false)
#7 /opt/lampp/htdocs/public/index.php(45): CodeIgniter\CodeIgniter->run()
#8 {main}
CRITICAL - 2020-09-04 17:43:19 --> Undefined variable: data_users
#0 /opt/lampp/htdocs/app/Controllers/Dashboard.php(16): CodeIgniter\Debug\Exceptions->errorHandler(8, 'Undefined varia...', '/opt/lampp/htdo...', 16, Array)
#1 /opt/lampp/htdocs/vendor/codeigniter4/framework/system/CodeIgniter.php(910): App\Controllers\Dashboard->index()
#2 /opt/lampp/htdocs/vendor/codeigniter4/framework/system/CodeIgniter.php(398): CodeIgniter\CodeIgniter->runController(Object(App\Controllers\Dashboard))
#3 /opt/lampp/htdocs/vendor/codeigniter4/framework/system/CodeIgniter.php(306): CodeIgniter\CodeIgniter->handleRequest(NULL, Object(Config\Cache), false)
#4 /opt/lampp/htdocs/public/index.php(45): CodeIgniter\CodeIgniter->run()
#5 {main}
CRITICAL - 2020-09-04 18:28:11 --> Cannot use object of type App\Models\UserModel as array
#0 /opt/lampp/htdocs/vendor/codeigniter4/framework/system/View/View.php(236): include()
#1 /opt/lampp/htdocs/vendor/codeigniter4/framework/system/Common.php(1071): CodeIgniter\View\View->render('admin/templates...', Array, true)
#2 /opt/lampp/htdocs/app/Controllers/Dashboard.php(101): view('admin/templates...', Array)
#3 /opt/lampp/htdocs/vendor/codeigniter4/framework/system/CodeIgniter.php(910): App\Controllers\Dashboard->useredit('8')
#4 /opt/lampp/htdocs/vendor/codeigniter4/framework/system/CodeIgniter.php(398): CodeIgniter\CodeIgniter->runController(Object(App\Controllers\Dashboard))
#5 /opt/lampp/htdocs/vendor/codeigniter4/framework/system/CodeIgniter.php(306): CodeIgniter\CodeIgniter->handleRequest(NULL, Object(Config\Cache), false)
#6 /opt/lampp/htdocs/public/index.php(45): CodeIgniter\CodeIgniter->run()
#7 {main}
CRITICAL - 2020-09-04 19:17:18 --> Too few arguments to function App\Controllers\Dashboard::useredit(), 0 passed in /opt/lampp/htdocs/vendor/codeigniter4/framework/system/CodeIgniter.php on line 910 and exactly 1 expected
#0 /opt/lampp/htdocs/vendor/codeigniter4/framework/system/CodeIgniter.php(910): App\Controllers\Dashboard->useredit()
#1 /opt/lampp/htdocs/vendor/codeigniter4/framework/system/CodeIgniter.php(398): CodeIgniter\CodeIgniter->runController(Object(App\Controllers\Dashboard))
#2 /opt/lampp/htdocs/vendor/codeigniter4/framework/system/CodeIgniter.php(306): CodeIgniter\CodeIgniter->handleRequest(NULL, Object(Config\Cache), false)
#3 /opt/lampp/htdocs/public/index.php(45): CodeIgniter\CodeIgniter->run()
#4 {main}
CRITICAL - 2020-09-04 19:17:29 --> Undefined variable: id
#0 /opt/lampp/htdocs/app/Controllers/Dashboard.php(102): CodeIgniter\Debug\Exceptions->errorHandler(8, 'Undefined varia...', '/opt/lampp/htdo...', 102, Array)
#1 /opt/lampp/htdocs/vendor/codeigniter4/framework/system/CodeIgniter.php(910): App\Controllers\Dashboard->useredit()
#2 /opt/lampp/htdocs/vendor/codeigniter4/framework/system/CodeIgniter.php(398): CodeIgniter\CodeIgniter->runController(Object(App\Controllers\Dashboard))
#3 /opt/lampp/htdocs/vendor/codeigniter4/framework/system/CodeIgniter.php(306): CodeIgniter\CodeIgniter->handleRequest(NULL, Object(Config\Cache), false)
#4 /opt/lampp/htdocs/public/index.php(45): CodeIgniter\CodeIgniter->run()
#5 {main}
CRITICAL - 2020-09-04 19:17:40 --> Undefined variable: id
#0 /opt/lampp/htdocs/app/Controllers/Dashboard.php(107): CodeIgniter\Debug\Exceptions->errorHandler(8, 'Undefined varia...', '/opt/lampp/htdo...', 107, Array)
#1 /opt/lampp/htdocs/vendor/codeigniter4/framework/system/CodeIgniter.php(910): App\Controllers\Dashboard->useredit()
#2 /opt/lampp/htdocs/vendor/codeigniter4/framework/system/CodeIgniter.php(398): CodeIgniter\CodeIgniter->runController(Object(App\Controllers\Dashboard))
#3 /opt/lampp/htdocs/vendor/codeigniter4/framework/system/CodeIgniter.php(306): CodeIgniter\CodeIgniter->handleRequest(NULL, Object(Config\Cache), false)
#4 /opt/lampp/htdocs/public/index.php(45): CodeIgniter\CodeIgniter->run()
#5 {main}
CRITICAL - 2020-09-04 19:18:31 --> Undefined variable: id
#0 /opt/lampp/htdocs/app/Controllers/Dashboard.php(107): CodeIgniter\Debug\Exceptions->errorHandler(8, 'Undefined varia...', '/opt/lampp/htdo...', 107, Array)
#1 /opt/lampp/htdocs/vendor/codeigniter4/framework/system/CodeIgniter.php(910): App\Controllers\Dashboard->useredit()
#2 /opt/lampp/htdocs/vendor/codeigniter4/framework/system/CodeIgniter.php(398): CodeIgniter\CodeIgniter->runController(Object(App\Controllers\Dashboard))
#3 /opt/lampp/htdocs/vendor/codeigniter4/framework/system/CodeIgniter.php(306): CodeIgniter\CodeIgniter->handleRequest(NULL, Object(Config\Cache), false)
#4 /opt/lampp/htdocs/public/index.php(45): CodeIgniter\CodeIgniter->run()
#5 {main}
