CRITICAL - 2020-09-03 08:58:18 --> Unknown database 'test6'
#0 /opt/lampp/htdocs/vendor/codeigniter4/framework/system/Database/BaseConnection.php(377): CodeIgniter\Database\MySQLi\Connection->connect(false)
#1 /opt/lampp/htdocs/vendor/codeigniter4/framework/system/Database/BaseConnection.php(643): CodeIgniter\Database\BaseConnection->initialize()
#2 /opt/lampp/htdocs/vendor/codeigniter4/framework/system/Database/BaseBuilder.php(1819): CodeIgniter\Database\BaseConnection->query('SELECT 1\nFROM `...', Array, false)
#3 /opt/lampp/htdocs/vendor/codeigniter4/framework/system/Validation/Rules.php(237): CodeIgniter\Database\BaseBuilder->get()
#4 /opt/lampp/htdocs/vendor/codeigniter4/framework/system/Validation/Validation.php(279): CodeIgniter\Validation\Rules->is_unique('usergg0253@gmai...', 'email', Array, NULL)
#5 /opt/lampp/htdocs/vendor/codeigniter4/framework/system/Validation/Validation.php(175): CodeIgniter\Validation\Validation->processRules('email', 'email', 'usergg0253@gmai...', Array, Array)
#6 /opt/lampp/htdocs/vendor/codeigniter4/framework/system/Controller.php(220): CodeIgniter\Validation\Validation->run()
#7 /opt/lampp/htdocs/app/Controllers/Users.php(74): CodeIgniter\Controller->validate(Array)
#8 /opt/lampp/htdocs/vendor/codeigniter4/framework/system/CodeIgniter.php(910): App\Controllers\Users->register()
#9 /opt/lampp/htdocs/vendor/codeigniter4/framework/system/CodeIgniter.php(398): CodeIgniter\CodeIgniter->runController(Object(App\Controllers\Users))
#10 /opt/lampp/htdocs/vendor/codeigniter4/framework/system/CodeIgniter.php(306): CodeIgniter\CodeIgniter->handleRequest(NULL, Object(Config\Cache), false)
#11 /opt/lampp/htdocs/public/index.php(45): CodeIgniter\CodeIgniter->run()
#12 {main}
CRITICAL - 2020-09-03 09:00:52 --> Unknown database 'test6'
#0 /opt/lampp/htdocs/vendor/codeigniter4/framework/system/Database/BaseConnection.php(377): CodeIgniter\Database\MySQLi\Connection->connect(false)
#1 /opt/lampp/htdocs/vendor/codeigniter4/framework/system/Database/BaseConnection.php(643): CodeIgniter\Database\BaseConnection->initialize()
#2 /opt/lampp/htdocs/vendor/codeigniter4/framework/system/Database/BaseBuilder.php(1819): CodeIgniter\Database\BaseConnection->query('SELECT 1\nFROM `...', Array, false)
#3 /opt/lampp/htdocs/vendor/codeigniter4/framework/system/Validation/Rules.php(237): CodeIgniter\Database\BaseBuilder->get()
#4 /opt/lampp/htdocs/vendor/codeigniter4/framework/system/Validation/Validation.php(279): CodeIgniter\Validation\Rules->is_unique('usergg0253@gmai...', 'email', Array, NULL)
#5 /opt/lampp/htdocs/vendor/codeigniter4/framework/system/Validation/Validation.php(175): CodeIgniter\Validation\Validation->processRules('email', 'email', 'usergg0253@gmai...', Array, Array)
#6 /opt/lampp/htdocs/vendor/codeigniter4/framework/system/Controller.php(220): CodeIgniter\Validation\Validation->run()
#7 /opt/lampp/htdocs/app/Controllers/Users.php(74): CodeIgniter\Controller->validate(Array)
#8 /opt/lampp/htdocs/vendor/codeigniter4/framework/system/CodeIgniter.php(910): App\Controllers\Users->register()
#9 /opt/lampp/htdocs/vendor/codeigniter4/framework/system/CodeIgniter.php(398): CodeIgniter\CodeIgniter->runController(Object(App\Controllers\Users))
#10 /opt/lampp/htdocs/vendor/codeigniter4/framework/system/CodeIgniter.php(306): CodeIgniter\CodeIgniter->handleRequest(NULL, Object(Config\Cache), false)
#11 /opt/lampp/htdocs/public/index.php(45): CodeIgniter\CodeIgniter->run()
#12 {main}
CRITICAL - 2020-09-03 09:01:27 --> Unknown column 'firstname' in 'field list'
#0 /opt/lampp/htdocs/vendor/codeigniter4/framework/system/Database/MySQLi/Connection.php(330): mysqli->query('INSERT INTO `us...')
#1 /opt/lampp/htdocs/vendor/codeigniter4/framework/system/Database/BaseConnection.php(738): CodeIgniter\Database\MySQLi\Connection->execute('INSERT INTO `us...')
#2 /opt/lampp/htdocs/vendor/codeigniter4/framework/system/Database/BaseConnection.php(666): CodeIgniter\Database\BaseConnection->simpleQuery('INSERT INTO `us...')
#3 /opt/lampp/htdocs/vendor/codeigniter4/framework/system/Database/BaseBuilder.php(2206): CodeIgniter\Database\BaseConnection->query('INSERT INTO `us...', Array, false)
#4 /opt/lampp/htdocs/vendor/codeigniter4/framework/system/Model.php(722): CodeIgniter\Database\BaseBuilder->insert()
#5 /opt/lampp/htdocs/vendor/codeigniter4/framework/system/Model.php(550): CodeIgniter\Model->insert(Array, false)
#6 /opt/lampp/htdocs/app/Controllers/Users.php(85): CodeIgniter\Model->save(Array)
#7 /opt/lampp/htdocs/vendor/codeigniter4/framework/system/CodeIgniter.php(910): App\Controllers\Users->register()
#8 /opt/lampp/htdocs/vendor/codeigniter4/framework/system/CodeIgniter.php(398): CodeIgniter\CodeIgniter->runController(Object(App\Controllers\Users))
#9 /opt/lampp/htdocs/vendor/codeigniter4/framework/system/CodeIgniter.php(306): CodeIgniter\CodeIgniter->handleRequest(NULL, Object(Config\Cache), false)
#10 /opt/lampp/htdocs/public/index.php(45): CodeIgniter\CodeIgniter->run()
#11 {main}
CRITICAL - 2020-09-03 09:02:26 --> Unknown column 'created_at' in 'field list'
#0 /opt/lampp/htdocs/vendor/codeigniter4/framework/system/Database/MySQLi/Connection.php(330): mysqli->query('INSERT INTO `us...')
#1 /opt/lampp/htdocs/vendor/codeigniter4/framework/system/Database/BaseConnection.php(738): CodeIgniter\Database\MySQLi\Connection->execute('INSERT INTO `us...')
#2 /opt/lampp/htdocs/vendor/codeigniter4/framework/system/Database/BaseConnection.php(666): CodeIgniter\Database\BaseConnection->simpleQuery('INSERT INTO `us...')
#3 /opt/lampp/htdocs/vendor/codeigniter4/framework/system/Database/BaseBuilder.php(2206): CodeIgniter\Database\BaseConnection->query('INSERT INTO `us...', Array, false)
#4 /opt/lampp/htdocs/vendor/codeigniter4/framework/system/Model.php(722): CodeIgniter\Database\BaseBuilder->insert()
#5 /opt/lampp/htdocs/vendor/codeigniter4/framework/system/Model.php(550): CodeIgniter\Model->insert(Array, false)
#6 /opt/lampp/htdocs/app/Controllers/Users.php(85): CodeIgniter\Model->save(Array)
#7 /opt/lampp/htdocs/vendor/codeigniter4/framework/system/CodeIgniter.php(910): App\Controllers\Users->register()
#8 /opt/lampp/htdocs/vendor/codeigniter4/framework/system/CodeIgniter.php(398): CodeIgniter\CodeIgniter->runController(Object(App\Controllers\Users))
#9 /opt/lampp/htdocs/vendor/codeigniter4/framework/system/CodeIgniter.php(306): CodeIgniter\CodeIgniter->handleRequest(NULL, Object(Config\Cache), false)
#10 /opt/lampp/htdocs/public/index.php(45): CodeIgniter\CodeIgniter->run()
#11 {main}
CRITICAL - 2020-09-03 09:03:40 --> Undefined index: firstname
#0 /opt/lampp/htdocs/app/Controllers/Users.php(50): CodeIgniter\Debug\Exceptions->errorHandler(8, 'Undefined index...', '/opt/lampp/htdo...', 50, Array)
#1 /opt/lampp/htdocs/app/Controllers/Users.php(35): App\Controllers\Users->setUserSession(Array)
#2 /opt/lampp/htdocs/vendor/codeigniter4/framework/system/CodeIgniter.php(910): App\Controllers\Users->index()
#3 /opt/lampp/htdocs/vendor/codeigniter4/framework/system/CodeIgniter.php(398): CodeIgniter\CodeIgniter->runController(Object(App\Controllers\Users))
#4 /opt/lampp/htdocs/vendor/codeigniter4/framework/system/CodeIgniter.php(306): CodeIgniter\CodeIgniter->handleRequest(NULL, Object(Config\Cache), false)
#5 /opt/lampp/htdocs/public/index.php(45): CodeIgniter\CodeIgniter->run()
#6 {main}
CRITICAL - 2020-09-03 09:05:05 --> Undefined index: firs_tname
#0 /opt/lampp/htdocs/app/Controllers/Users.php(50): CodeIgniter\Debug\Exceptions->errorHandler(8, 'Undefined index...', '/opt/lampp/htdo...', 50, Array)
#1 /opt/lampp/htdocs/app/Controllers/Users.php(35): App\Controllers\Users->setUserSession(Array)
#2 /opt/lampp/htdocs/vendor/codeigniter4/framework/system/CodeIgniter.php(910): App\Controllers\Users->index()
#3 /opt/lampp/htdocs/vendor/codeigniter4/framework/system/CodeIgniter.php(398): CodeIgniter\CodeIgniter->runController(Object(App\Controllers\Users))
#4 /opt/lampp/htdocs/vendor/codeigniter4/framework/system/CodeIgniter.php(306): CodeIgniter\CodeIgniter->handleRequest(NULL, Object(Config\Cache), false)
#5 /opt/lampp/htdocs/public/index.php(45): CodeIgniter\CodeIgniter->run()
#6 {main}
CRITICAL - 2020-09-03 09:05:43 --> Undefined index: first_name
#0 /opt/lampp/htdocs/app/Controllers/Users.php(50): CodeIgniter\Debug\Exceptions->errorHandler(8, 'Undefined index...', '/opt/lampp/htdo...', 50, Array)
#1 /opt/lampp/htdocs/app/Controllers/Users.php(35): App\Controllers\Users->setUserSession(Array)
#2 /opt/lampp/htdocs/vendor/codeigniter4/framework/system/CodeIgniter.php(910): App\Controllers\Users->index()
#3 /opt/lampp/htdocs/vendor/codeigniter4/framework/system/CodeIgniter.php(398): CodeIgniter\CodeIgniter->runController(Object(App\Controllers\Users))
#4 /opt/lampp/htdocs/vendor/codeigniter4/framework/system/CodeIgniter.php(306): CodeIgniter\CodeIgniter->handleRequest(NULL, Object(Config\Cache), false)
#5 /opt/lampp/htdocs/public/index.php(45): CodeIgniter\CodeIgniter->run()
#6 {main}
CRITICAL - 2020-09-03 09:06:50 --> Undefined index: first_name
#0 /opt/lampp/htdocs/app/Controllers/Users.php(50): CodeIgniter\Debug\Exceptions->errorHandler(8, 'Undefined index...', '/opt/lampp/htdo...', 50, Array)
#1 /opt/lampp/htdocs/app/Controllers/Users.php(35): App\Controllers\Users->setUserSession(Array)
#2 /opt/lampp/htdocs/vendor/codeigniter4/framework/system/CodeIgniter.php(910): App\Controllers\Users->index()
#3 /opt/lampp/htdocs/vendor/codeigniter4/framework/system/CodeIgniter.php(398): CodeIgniter\CodeIgniter->runController(Object(App\Controllers\Users))
#4 /opt/lampp/htdocs/vendor/codeigniter4/framework/system/CodeIgniter.php(306): CodeIgniter\CodeIgniter->handleRequest(NULL, Object(Config\Cache), false)
#5 /opt/lampp/htdocs/public/index.php(45): CodeIgniter\CodeIgniter->run()
#6 {main}
CRITICAL - 2020-09-03 09:07:32 --> Undefined index: firstname
#0 /opt/lampp/htdocs/app/Controllers/Users.php(50): CodeIgniter\Debug\Exceptions->errorHandler(8, 'Undefined index...', '/opt/lampp/htdo...', 50, Array)
#1 /opt/lampp/htdocs/app/Controllers/Users.php(35): App\Controllers\Users->setUserSession(Array)
#2 /opt/lampp/htdocs/vendor/codeigniter4/framework/system/CodeIgniter.php(910): App\Controllers\Users->index()
#3 /opt/lampp/htdocs/vendor/codeigniter4/framework/system/CodeIgniter.php(398): CodeIgniter\CodeIgniter->runController(Object(App\Controllers\Users))
#4 /opt/lampp/htdocs/vendor/codeigniter4/framework/system/CodeIgniter.php(306): CodeIgniter\CodeIgniter->handleRequest(NULL, Object(Config\Cache), false)
#5 /opt/lampp/htdocs/public/index.php(45): CodeIgniter\CodeIgniter->run()
#6 {main}
CRITICAL - 2020-09-03 09:09:27 --> Undefined index: firstname
#0 /opt/lampp/htdocs/app/Controllers/Users.php(50): CodeIgniter\Debug\Exceptions->errorHandler(8, 'Undefined index...', '/opt/lampp/htdo...', 50, Array)
#1 /opt/lampp/htdocs/app/Controllers/Users.php(35): App\Controllers\Users->setUserSession(Array)
#2 /opt/lampp/htdocs/vendor/codeigniter4/framework/system/CodeIgniter.php(910): App\Controllers\Users->index()
#3 /opt/lampp/htdocs/vendor/codeigniter4/framework/system/CodeIgniter.php(398): CodeIgniter\CodeIgniter->runController(Object(App\Controllers\Users))
#4 /opt/lampp/htdocs/vendor/codeigniter4/framework/system/CodeIgniter.php(306): CodeIgniter\CodeIgniter->handleRequest(NULL, Object(Config\Cache), false)
#5 /opt/lampp/htdocs/public/index.php(45): CodeIgniter\CodeIgniter->run()
#6 {main}
CRITICAL - 2020-09-03 09:30:28 --> Unknown column 'updated_at' in 'field list'
#0 /opt/lampp/htdocs/vendor/codeigniter4/framework/system/Database/MySQLi/Connection.php(330): mysqli->query('UPDATE `users` ...')
#1 /opt/lampp/htdocs/vendor/codeigniter4/framework/system/Database/BaseConnection.php(738): CodeIgniter\Database\MySQLi\Connection->execute('UPDATE `users` ...')
#2 /opt/lampp/htdocs/vendor/codeigniter4/framework/system/Database/BaseConnection.php(666): CodeIgniter\Database\BaseConnection->simpleQuery('UPDATE `users` ...')
#3 /opt/lampp/htdocs/vendor/codeigniter4/framework/system/Database/BaseBuilder.php(2410): CodeIgniter\Database\BaseConnection->query('UPDATE `users` ...', Array, false)
#4 /opt/lampp/htdocs/vendor/codeigniter4/framework/system/Model.php(851): CodeIgniter\Database\BaseBuilder->update()
#5 /opt/lampp/htdocs/vendor/codeigniter4/framework/system/Model.php(546): CodeIgniter\Model->update(Array, Array)
#6 /opt/lampp/htdocs/app/Controllers/Users.php(130): CodeIgniter\Model->save(Array)
#7 /opt/lampp/htdocs/vendor/codeigniter4/framework/system/CodeIgniter.php(910): App\Controllers\Users->profile()
#8 /opt/lampp/htdocs/vendor/codeigniter4/framework/system/CodeIgniter.php(398): CodeIgniter\CodeIgniter->runController(Object(App\Controllers\Users))
#9 /opt/lampp/htdocs/vendor/codeigniter4/framework/system/CodeIgniter.php(306): CodeIgniter\CodeIgniter->handleRequest(NULL, Object(Config\Cache), false)
#10 /opt/lampp/htdocs/public/index.php(45): CodeIgniter\CodeIgniter->run()
#11 {main}
CRITICAL - 2020-09-03 09:33:11 --> Unknown column 'creat_at' in 'field list'
#0 /opt/lampp/htdocs/vendor/codeigniter4/framework/system/Database/MySQLi/Connection.php(330): mysqli->query('INSERT INTO `us...')
#1 /opt/lampp/htdocs/vendor/codeigniter4/framework/system/Database/BaseConnection.php(738): CodeIgniter\Database\MySQLi\Connection->execute('INSERT INTO `us...')
#2 /opt/lampp/htdocs/vendor/codeigniter4/framework/system/Database/BaseConnection.php(666): CodeIgniter\Database\BaseConnection->simpleQuery('INSERT INTO `us...')
#3 /opt/lampp/htdocs/vendor/codeigniter4/framework/system/Database/BaseBuilder.php(2206): CodeIgniter\Database\BaseConnection->query('INSERT INTO `us...', Array, false)
#4 /opt/lampp/htdocs/vendor/codeigniter4/framework/system/Model.php(722): CodeIgniter\Database\BaseBuilder->insert()
#5 /opt/lampp/htdocs/vendor/codeigniter4/framework/system/Model.php(550): CodeIgniter\Model->insert(Array, false)
#6 /opt/lampp/htdocs/app/Controllers/Users.php(85): CodeIgniter\Model->save(Array)
#7 /opt/lampp/htdocs/vendor/codeigniter4/framework/system/CodeIgniter.php(910): App\Controllers\Users->register()
#8 /opt/lampp/htdocs/vendor/codeigniter4/framework/system/CodeIgniter.php(398): CodeIgniter\CodeIgniter->runController(Object(App\Controllers\Users))
#9 /opt/lampp/htdocs/vendor/codeigniter4/framework/system/CodeIgniter.php(306): CodeIgniter\CodeIgniter->handleRequest(NULL, Object(Config\Cache), false)
#10 /opt/lampp/htdocs/public/index.php(45): CodeIgniter\CodeIgniter->run()
#11 {main}
CRITICAL - 2020-09-03 09:43:45 --> Undefined variable: user
#0 /opt/lampp/htdocs/app/Views/dashboard.php(4): CodeIgniter\Debug\Exceptions->errorHandler(8, 'Undefined varia...', '/opt/lampp/htdo...', 4, Array)
#1 /opt/lampp/htdocs/vendor/codeigniter4/framework/system/View/View.php(236): include('/opt/lampp/htdo...')
#2 /opt/lampp/htdocs/vendor/codeigniter4/framework/system/Common.php(1071): CodeIgniter\View\View->render('dashboard', Array, true)
#3 /opt/lampp/htdocs/app/Controllers/Dashboard.php(10): view('dashboard')
#4 /opt/lampp/htdocs/vendor/codeigniter4/framework/system/CodeIgniter.php(910): App\Controllers\Dashboard->index()
#5 /opt/lampp/htdocs/vendor/codeigniter4/framework/system/CodeIgniter.php(398): CodeIgniter\CodeIgniter->runController(Object(App\Controllers\Dashboard))
#6 /opt/lampp/htdocs/vendor/codeigniter4/framework/system/CodeIgniter.php(306): CodeIgniter\CodeIgniter->handleRequest(NULL, Object(Config\Cache), false)
#7 /opt/lampp/htdocs/public/index.php(45): CodeIgniter\CodeIgniter->run()
#8 {main}
CRITICAL - 2020-09-03 09:47:26 --> Undefined variable: user
#0 /opt/lampp/htdocs/app/Views/dashboard.php(4): CodeIgniter\Debug\Exceptions->errorHandler(8, 'Undefined varia...', '/opt/lampp/htdo...', 4, Array)
#1 /opt/lampp/htdocs/vendor/codeigniter4/framework/system/View/View.php(236): include('/opt/lampp/htdo...')
#2 /opt/lampp/htdocs/vendor/codeigniter4/framework/system/Common.php(1071): CodeIgniter\View\View->render('dashboard', Array, true)
#3 /opt/lampp/htdocs/app/Controllers/Dashboard.php(10): view('dashboard')
#4 /opt/lampp/htdocs/vendor/codeigniter4/framework/system/CodeIgniter.php(910): App\Controllers\Dashboard->index()
#5 /opt/lampp/htdocs/vendor/codeigniter4/framework/system/CodeIgniter.php(398): CodeIgniter\CodeIgniter->runController(Object(App\Controllers\Dashboard))
#6 /opt/lampp/htdocs/vendor/codeigniter4/framework/system/CodeIgniter.php(306): CodeIgniter\CodeIgniter->handleRequest(NULL, Object(Config\Cache), false)
#7 /opt/lampp/htdocs/public/index.php(45): CodeIgniter\CodeIgniter->run()
#8 {main}
CRITICAL - 2020-09-03 09:53:17 --> Undefined variable: model
#0 /opt/lampp/htdocs/app/Controllers/Dashboard.php(8): CodeIgniter\Debug\Exceptions->errorHandler(8, 'Undefined varia...', '/opt/lampp/htdo...', 8, Array)
#1 /opt/lampp/htdocs/vendor/codeigniter4/framework/system/CodeIgniter.php(910): App\Controllers\Dashboard->index()
#2 /opt/lampp/htdocs/vendor/codeigniter4/framework/system/CodeIgniter.php(398): CodeIgniter\CodeIgniter->runController(Object(App\Controllers\Dashboard))
#3 /opt/lampp/htdocs/vendor/codeigniter4/framework/system/CodeIgniter.php(306): CodeIgniter\CodeIgniter->handleRequest(NULL, Object(Config\Cache), false)
#4 /opt/lampp/htdocs/public/index.php(45): CodeIgniter\CodeIgniter->run()
#5 {main}
CRITICAL - 2020-09-03 09:55:05 --> Undefined variable: model
#0 /opt/lampp/htdocs/app/Controllers/Dashboard.php(8): CodeIgniter\Debug\Exceptions->errorHandler(8, 'Undefined varia...', '/opt/lampp/htdo...', 8, Array)
#1 /opt/lampp/htdocs/vendor/codeigniter4/framework/system/CodeIgniter.php(910): App\Controllers\Dashboard->index()
#2 /opt/lampp/htdocs/vendor/codeigniter4/framework/system/CodeIgniter.php(398): CodeIgniter\CodeIgniter->runController(Object(App\Controllers\Dashboard))
#3 /opt/lampp/htdocs/vendor/codeigniter4/framework/system/CodeIgniter.php(306): CodeIgniter\CodeIgniter->handleRequest(NULL, Object(Config\Cache), false)
#4 /opt/lampp/htdocs/public/index.php(45): CodeIgniter\CodeIgniter->run()
#5 {main}
CRITICAL - 2020-09-03 10:59:58 --> Undefined variable: user
#0 /opt/lampp/htdocs/app/Controllers/Dashboard.php(12): CodeIgniter\Debug\Exceptions->errorHandler(8, 'Undefined varia...', '/opt/lampp/htdo...', 12, Array)
#1 /opt/lampp/htdocs/vendor/codeigniter4/framework/system/CodeIgniter.php(910): App\Controllers\Dashboard->index()
#2 /opt/lampp/htdocs/vendor/codeigniter4/framework/system/CodeIgniter.php(398): CodeIgniter\CodeIgniter->runController(Object(App\Controllers\Dashboard))
#3 /opt/lampp/htdocs/vendor/codeigniter4/framework/system/CodeIgniter.php(306): CodeIgniter\CodeIgniter->handleRequest(NULL, Object(Config\Cache), false)
#4 /opt/lampp/htdocs/public/index.php(45): CodeIgniter\CodeIgniter->run()
#5 {main}
CRITICAL - 2020-09-03 11:01:55 --> Use of undefined constant print_r - assumed 'print_r' (this will throw an Error in a future version of PHP)
#0 /opt/lampp/htdocs/app/Controllers/Dashboard.php(12): CodeIgniter\Debug\Exceptions->errorHandler(2, 'Use of undefine...', '/opt/lampp/htdo...', 12, Array)
#1 /opt/lampp/htdocs/vendor/codeigniter4/framework/system/CodeIgniter.php(910): App\Controllers\Dashboard->index()
#2 /opt/lampp/htdocs/vendor/codeigniter4/framework/system/CodeIgniter.php(398): CodeIgniter\CodeIgniter->runController(Object(App\Controllers\Dashboard))
#3 /opt/lampp/htdocs/vendor/codeigniter4/framework/system/CodeIgniter.php(306): CodeIgniter\CodeIgniter->handleRequest(NULL, Object(Config\Cache), false)
#4 /opt/lampp/htdocs/public/index.php(45): CodeIgniter\CodeIgniter->run()
#5 {main}
CRITICAL - 2020-09-03 11:04:07 --> syntax error, unexpected end of file
#0 /opt/lampp/htdocs/vendor/codeigniter4/framework/system/Common.php(1071): CodeIgniter\View\View->render('dashboard', Array, true)
#1 /opt/lampp/htdocs/app/Controllers/Dashboard.php(14): view('dashboard')
#2 /opt/lampp/htdocs/vendor/codeigniter4/framework/system/CodeIgniter.php(910): App\Controllers\Dashboard->index()
#3 /opt/lampp/htdocs/vendor/codeigniter4/framework/system/CodeIgniter.php(398): CodeIgniter\CodeIgniter->runController(Object(App\Controllers\Dashboard))
#4 /opt/lampp/htdocs/vendor/codeigniter4/framework/system/CodeIgniter.php(306): CodeIgniter\CodeIgniter->handleRequest(NULL, Object(Config\Cache), false)
#5 /opt/lampp/htdocs/public/index.php(45): CodeIgniter\CodeIgniter->run()
#6 {main}
CRITICAL - 2020-09-03 11:04:53 --> syntax error, unexpected end of file, expecting elseif (T_ELSEIF) or else (T_ELSE) or endif (T_ENDIF)
#0 /opt/lampp/htdocs/vendor/codeigniter4/framework/system/Common.php(1071): CodeIgniter\View\View->render('dashboard', Array, true)
#1 /opt/lampp/htdocs/app/Controllers/Dashboard.php(14): view('dashboard')
#2 /opt/lampp/htdocs/vendor/codeigniter4/framework/system/CodeIgniter.php(910): App\Controllers\Dashboard->index()
#3 /opt/lampp/htdocs/vendor/codeigniter4/framework/system/CodeIgniter.php(398): CodeIgniter\CodeIgniter->runController(Object(App\Controllers\Dashboard))
#4 /opt/lampp/htdocs/vendor/codeigniter4/framework/system/CodeIgniter.php(306): CodeIgniter\CodeIgniter->handleRequest(NULL, Object(Config\Cache), false)
#5 /opt/lampp/htdocs/public/index.php(45): CodeIgniter\CodeIgniter->run()
#6 {main}
CRITICAL - 2020-09-03 13:06:36 --> Invalid file: baiviet.php
#0 /opt/lampp/htdocs/vendor/codeigniter4/framework/system/View/View.php(224): CodeIgniter\Exceptions\FrameworkException::forInvalidFile('baiviet.php')
#1 /opt/lampp/htdocs/vendor/codeigniter4/framework/system/Common.php(1071): CodeIgniter\View\View->render('baiviet', Array, true)
#2 /opt/lampp/htdocs/app/Controllers/Dashboard.php(28): view('baiviet')
#3 /opt/lampp/htdocs/vendor/codeigniter4/framework/system/CodeIgniter.php(910): App\Controllers\Dashboard->vietbai()
#4 /opt/lampp/htdocs/vendor/codeigniter4/framework/system/CodeIgniter.php(398): CodeIgniter\CodeIgniter->runController(Object(App\Controllers\Dashboard))
#5 /opt/lampp/htdocs/vendor/codeigniter4/framework/system/CodeIgniter.php(306): CodeIgniter\CodeIgniter->handleRequest(NULL, Object(Config\Cache), false)
#6 /opt/lampp/htdocs/public/index.php(45): CodeIgniter\CodeIgniter->run()
#7 {main}
CRITICAL - 2020-09-03 13:07:05 --> Invalid file: baiviet.php
#0 /opt/lampp/htdocs/vendor/codeigniter4/framework/system/View/View.php(224): CodeIgniter\Exceptions\FrameworkException::forInvalidFile('baiviet.php')
#1 /opt/lampp/htdocs/vendor/codeigniter4/framework/system/Common.php(1071): CodeIgniter\View\View->render('baiviet', Array, true)
#2 /opt/lampp/htdocs/app/Controllers/Dashboard.php(28): view('baiviet')
#3 /opt/lampp/htdocs/vendor/codeigniter4/framework/system/CodeIgniter.php(910): App\Controllers\Dashboard->vietbai()
#4 /opt/lampp/htdocs/vendor/codeigniter4/framework/system/CodeIgniter.php(398): CodeIgniter\CodeIgniter->runController(Object(App\Controllers\Dashboard))
#5 /opt/lampp/htdocs/vendor/codeigniter4/framework/system/CodeIgniter.php(306): CodeIgniter\CodeIgniter->handleRequest(NULL, Object(Config\Cache), false)
#6 /opt/lampp/htdocs/public/index.php(45): CodeIgniter\CodeIgniter->run()
#7 {main}
CRITICAL - 2020-09-03 13:23:33 --> Invalid file: user.php
#0 /opt/lampp/htdocs/vendor/codeigniter4/framework/system/View/View.php(224): CodeIgniter\Exceptions\FrameworkException::forInvalidFile('user.php')
#1 /opt/lampp/htdocs/vendor/codeigniter4/framework/system/Common.php(1071): CodeIgniter\View\View->render('user', Array, true)
#2 /opt/lampp/htdocs/app/Controllers/Dashboard.php(37): view('user')
#3 /opt/lampp/htdocs/vendor/codeigniter4/framework/system/CodeIgniter.php(910): App\Controllers\Dashboard->user()
#4 /opt/lampp/htdocs/vendor/codeigniter4/framework/system/CodeIgniter.php(398): CodeIgniter\CodeIgniter->runController(Object(App\Controllers\Dashboard))
#5 /opt/lampp/htdocs/vendor/codeigniter4/framework/system/CodeIgniter.php(306): CodeIgniter\CodeIgniter->handleRequest(NULL, Object(Config\Cache), false)
#6 /opt/lampp/htdocs/public/index.php(45): CodeIgniter\CodeIgniter->run()
#7 {main}
CRITICAL - 2020-09-03 13:43:57 --> Invalid file: users.php
#0 /opt/lampp/htdocs/vendor/codeigniter4/framework/system/View/View.php(224): CodeIgniter\Exceptions\FrameworkException::forInvalidFile('users.php')
#1 /opt/lampp/htdocs/vendor/codeigniter4/framework/system/Common.php(1071): CodeIgniter\View\View->render('users', Array, true)
#2 /opt/lampp/htdocs/app/Controllers/Users.php(185): view('users')
#3 /opt/lampp/htdocs/vendor/codeigniter4/framework/system/CodeIgniter.php(910): App\Controllers\Users->users()
#4 /opt/lampp/htdocs/vendor/codeigniter4/framework/system/CodeIgniter.php(398): CodeIgniter\CodeIgniter->runController(Object(App\Controllers\Users))
#5 /opt/lampp/htdocs/vendor/codeigniter4/framework/system/CodeIgniter.php(306): CodeIgniter\CodeIgniter->handleRequest(NULL, Object(Config\Cache), false)
#6 /opt/lampp/htdocs/public/index.php(45): CodeIgniter\CodeIgniter->run()
#7 {main}
CRITICAL - 2020-09-03 13:44:06 --> Array to string conversion
#0 /opt/lampp/htdocs/app/Views/user.php(9): CodeIgniter\Debug\Exceptions->errorHandler(8, 'Array to string...', '/opt/lampp/htdo...', 9, Array)
#1 /opt/lampp/htdocs/vendor/codeigniter4/framework/system/View/View.php(236): include('/opt/lampp/htdo...')
#2 /opt/lampp/htdocs/vendor/codeigniter4/framework/system/Common.php(1071): CodeIgniter\View\View->render('user', Array, true)
#3 /opt/lampp/htdocs/app/Controllers/Dashboard.php(37): view('user')
#4 /opt/lampp/htdocs/vendor/codeigniter4/framework/system/CodeIgniter.php(910): App\Controllers\Dashboard->user()
#5 /opt/lampp/htdocs/vendor/codeigniter4/framework/system/CodeIgniter.php(398): CodeIgniter\CodeIgniter->runController(Object(App\Controllers\Dashboard))
#6 /opt/lampp/htdocs/vendor/codeigniter4/framework/system/CodeIgniter.php(306): CodeIgniter\CodeIgniter->handleRequest(NULL, Object(Config\Cache), false)
#7 /opt/lampp/htdocs/public/index.php(45): CodeIgniter\CodeIgniter->run()
#8 {main}
CRITICAL - 2020-09-03 13:44:46 --> Array to string conversion
#0 /opt/lampp/htdocs/app/Views/user.php(9): CodeIgniter\Debug\Exceptions->errorHandler(8, 'Array to string...', '/opt/lampp/htdo...', 9, Array)
#1 /opt/lampp/htdocs/vendor/codeigniter4/framework/system/View/View.php(236): include('/opt/lampp/htdo...')
#2 /opt/lampp/htdocs/vendor/codeigniter4/framework/system/Common.php(1071): CodeIgniter\View\View->render('user', Array, true)
#3 /opt/lampp/htdocs/app/Controllers/Dashboard.php(37): view('user')
#4 /opt/lampp/htdocs/vendor/codeigniter4/framework/system/CodeIgniter.php(910): App\Controllers\Dashboard->user()
#5 /opt/lampp/htdocs/vendor/codeigniter4/framework/system/CodeIgniter.php(398): CodeIgniter\CodeIgniter->runController(Object(App\Controllers\Dashboard))
#6 /opt/lampp/htdocs/vendor/codeigniter4/framework/system/CodeIgniter.php(306): CodeIgniter\CodeIgniter->handleRequest(NULL, Object(Config\Cache), false)
#7 /opt/lampp/htdocs/public/index.php(45): CodeIgniter\CodeIgniter->run()
#8 {main}
CRITICAL - 2020-09-03 13:45:17 --> Array to string conversion
#0 /opt/lampp/htdocs/app/Views/user.php(9): CodeIgniter\Debug\Exceptions->errorHandler(8, 'Array to string...', '/opt/lampp/htdo...', 9, Array)
#1 /opt/lampp/htdocs/vendor/codeigniter4/framework/system/View/View.php(236): include('/opt/lampp/htdo...')
#2 /opt/lampp/htdocs/vendor/codeigniter4/framework/system/Common.php(1071): CodeIgniter\View\View->render('user', Array, true)
#3 /opt/lampp/htdocs/app/Controllers/Dashboard.php(37): view('user')
#4 /opt/lampp/htdocs/vendor/codeigniter4/framework/system/CodeIgniter.php(910): App\Controllers\Dashboard->user()
#5 /opt/lampp/htdocs/vendor/codeigniter4/framework/system/CodeIgniter.php(398): CodeIgniter\CodeIgniter->runController(Object(App\Controllers\Dashboard))
#6 /opt/lampp/htdocs/vendor/codeigniter4/framework/system/CodeIgniter.php(306): CodeIgniter\CodeIgniter->handleRequest(NULL, Object(Config\Cache), false)
#7 /opt/lampp/htdocs/public/index.php(45): CodeIgniter\CodeIgniter->run()
#8 {main}
CRITICAL - 2020-09-03 13:45:20 --> Array to string conversion
#0 /opt/lampp/htdocs/app/Views/user.php(9): CodeIgniter\Debug\Exceptions->errorHandler(8, 'Array to string...', '/opt/lampp/htdo...', 9, Array)
#1 /opt/lampp/htdocs/vendor/codeigniter4/framework/system/View/View.php(236): include('/opt/lampp/htdo...')
#2 /opt/lampp/htdocs/vendor/codeigniter4/framework/system/Common.php(1071): CodeIgniter\View\View->render('user', Array, true)
#3 /opt/lampp/htdocs/app/Controllers/Dashboard.php(37): view('user')
#4 /opt/lampp/htdocs/vendor/codeigniter4/framework/system/CodeIgniter.php(910): App\Controllers\Dashboard->user()
#5 /opt/lampp/htdocs/vendor/codeigniter4/framework/system/CodeIgniter.php(398): CodeIgniter\CodeIgniter->runController(Object(App\Controllers\Dashboard))
#6 /opt/lampp/htdocs/vendor/codeigniter4/framework/system/CodeIgniter.php(306): CodeIgniter\CodeIgniter->handleRequest(NULL, Object(Config\Cache), false)
#7 /opt/lampp/htdocs/public/index.php(45): CodeIgniter\CodeIgniter->run()
#8 {main}
CRITICAL - 2020-09-03 13:45:39 --> Array to string conversion
#0 /opt/lampp/htdocs/app/Views/user.php(9): CodeIgniter\Debug\Exceptions->errorHandler(8, 'Array to string...', '/opt/lampp/htdo...', 9, Array)
#1 /opt/lampp/htdocs/vendor/codeigniter4/framework/system/View/View.php(236): include('/opt/lampp/htdo...')
#2 /opt/lampp/htdocs/vendor/codeigniter4/framework/system/Common.php(1071): CodeIgniter\View\View->render('user', Array, true)
#3 /opt/lampp/htdocs/app/Controllers/Dashboard.php(37): view('user')
#4 /opt/lampp/htdocs/vendor/codeigniter4/framework/system/CodeIgniter.php(910): App\Controllers\Dashboard->user()
#5 /opt/lampp/htdocs/vendor/codeigniter4/framework/system/CodeIgniter.php(398): CodeIgniter\CodeIgniter->runController(Object(App\Controllers\Dashboard))
#6 /opt/lampp/htdocs/vendor/codeigniter4/framework/system/CodeIgniter.php(306): CodeIgniter\CodeIgniter->handleRequest(NULL, Object(Config\Cache), false)
#7 /opt/lampp/htdocs/public/index.php(45): CodeIgniter\CodeIgniter->run()
#8 {main}
CRITICAL - 2020-09-03 13:49:37 --> Array to string conversion
#0 /opt/lampp/htdocs/app/Views/user.php(9): CodeIgniter\Debug\Exceptions->errorHandler(8, 'Array to string...', '/opt/lampp/htdo...', 9, Array)
#1 /opt/lampp/htdocs/vendor/codeigniter4/framework/system/View/View.php(236): include('/opt/lampp/htdo...')
#2 /opt/lampp/htdocs/vendor/codeigniter4/framework/system/Common.php(1071): CodeIgniter\View\View->render('user', Array, true)
#3 /opt/lampp/htdocs/app/Controllers/Dashboard.php(37): view('user')
#4 /opt/lampp/htdocs/vendor/codeigniter4/framework/system/CodeIgniter.php(910): App\Controllers\Dashboard->user()
#5 /opt/lampp/htdocs/vendor/codeigniter4/framework/system/CodeIgniter.php(398): CodeIgniter\CodeIgniter->runController(Object(App\Controllers\Dashboard))
#6 /opt/lampp/htdocs/vendor/codeigniter4/framework/system/CodeIgniter.php(306): CodeIgniter\CodeIgniter->handleRequest(NULL, Object(Config\Cache), false)
#7 /opt/lampp/htdocs/public/index.php(45): CodeIgniter\CodeIgniter->run()
#8 {main}
CRITICAL - 2020-09-03 14:09:40 --> Undefined variable: users
#0 /opt/lampp/htdocs/app/Views/user.php(9): CodeIgniter\Debug\Exceptions->errorHandler(8, 'Undefined varia...', '/opt/lampp/htdo...', 9, Array)
#1 /opt/lampp/htdocs/vendor/codeigniter4/framework/system/View/View.php(236): include('/opt/lampp/htdo...')
#2 /opt/lampp/htdocs/vendor/codeigniter4/framework/system/Common.php(1071): CodeIgniter\View\View->render('user', Array, true)
#3 /opt/lampp/htdocs/app/Controllers/Dashboard.php(37): view('user')
#4 /opt/lampp/htdocs/vendor/codeigniter4/framework/system/CodeIgniter.php(910): App\Controllers\Dashboard->user()
#5 /opt/lampp/htdocs/vendor/codeigniter4/framework/system/CodeIgniter.php(398): CodeIgniter\CodeIgniter->runController(Object(App\Controllers\Dashboard))
#6 /opt/lampp/htdocs/vendor/codeigniter4/framework/system/CodeIgniter.php(306): CodeIgniter\CodeIgniter->handleRequest(NULL, Object(Config\Cache), false)
#7 /opt/lampp/htdocs/public/index.php(45): CodeIgniter\CodeIgniter->run()
#8 {main}
CRITICAL - 2020-09-03 14:11:04 --> Undefined variable: users
#0 /opt/lampp/htdocs/app/Views/user.php(9): CodeIgniter\Debug\Exceptions->errorHandler(8, 'Undefined varia...', '/opt/lampp/htdo...', 9, Array)
#1 /opt/lampp/htdocs/vendor/codeigniter4/framework/system/View/View.php(236): include('/opt/lampp/htdo...')
#2 /opt/lampp/htdocs/vendor/codeigniter4/framework/system/Common.php(1071): CodeIgniter\View\View->render('user', Array, true)
#3 /opt/lampp/htdocs/app/Controllers/Dashboard.php(37): view('user')
#4 /opt/lampp/htdocs/vendor/codeigniter4/framework/system/CodeIgniter.php(910): App\Controllers\Dashboard->user()
#5 /opt/lampp/htdocs/vendor/codeigniter4/framework/system/CodeIgniter.php(398): CodeIgniter\CodeIgniter->runController(Object(App\Controllers\Dashboard))
#6 /opt/lampp/htdocs/vendor/codeigniter4/framework/system/CodeIgniter.php(306): CodeIgniter\CodeIgniter->handleRequest(NULL, Object(Config\Cache), false)
#7 /opt/lampp/htdocs/public/index.php(45): CodeIgniter\CodeIgniter->run()
#8 {main}
CRITICAL - 2020-09-03 14:11:06 --> Undefined variable: users
#0 /opt/lampp/htdocs/app/Views/user.php(9): CodeIgniter\Debug\Exceptions->errorHandler(8, 'Undefined varia...', '/opt/lampp/htdo...', 9, Array)
#1 /opt/lampp/htdocs/vendor/codeigniter4/framework/system/View/View.php(236): include('/opt/lampp/htdo...')
#2 /opt/lampp/htdocs/vendor/codeigniter4/framework/system/Common.php(1071): CodeIgniter\View\View->render('user', Array, true)
#3 /opt/lampp/htdocs/app/Controllers/Dashboard.php(37): view('user')
#4 /opt/lampp/htdocs/vendor/codeigniter4/framework/system/CodeIgniter.php(910): App\Controllers\Dashboard->user()
#5 /opt/lampp/htdocs/vendor/codeigniter4/framework/system/CodeIgniter.php(398): CodeIgniter\CodeIgniter->runController(Object(App\Controllers\Dashboard))
#6 /opt/lampp/htdocs/vendor/codeigniter4/framework/system/CodeIgniter.php(306): CodeIgniter\CodeIgniter->handleRequest(NULL, Object(Config\Cache), false)
#7 /opt/lampp/htdocs/public/index.php(45): CodeIgniter\CodeIgniter->run()
#8 {main}
CRITICAL - 2020-09-03 14:19:29 --> Cannot use object of type App\Models\UsersModel as array
#0 /opt/lampp/htdocs/vendor/codeigniter4/framework/system/View/View.php(236): include()
#1 /opt/lampp/htdocs/vendor/codeigniter4/framework/system/Common.php(1071): CodeIgniter\View\View->render('user', Array, true)
#2 /opt/lampp/htdocs/app/Controllers/Dashboard.php(40): view('user', Array)
#3 /opt/lampp/htdocs/vendor/codeigniter4/framework/system/CodeIgniter.php(910): App\Controllers\Dashboard->user()
#4 /opt/lampp/htdocs/vendor/codeigniter4/framework/system/CodeIgniter.php(398): CodeIgniter\CodeIgniter->runController(Object(App\Controllers\Dashboard))
#5 /opt/lampp/htdocs/vendor/codeigniter4/framework/system/CodeIgniter.php(306): CodeIgniter\CodeIgniter->handleRequest(NULL, Object(Config\Cache), false)
#6 /opt/lampp/htdocs/public/index.php(45): CodeIgniter\CodeIgniter->run()
#7 {main}
CRITICAL - 2020-09-03 14:19:58 --> Undefined variable: users
#0 /opt/lampp/htdocs/app/Views/user.php(8): CodeIgniter\Debug\Exceptions->errorHandler(8, 'Undefined varia...', '/opt/lampp/htdo...', 8, Array)
#1 /opt/lampp/htdocs/vendor/codeigniter4/framework/system/View/View.php(236): include('/opt/lampp/htdo...')
#2 /opt/lampp/htdocs/vendor/codeigniter4/framework/system/Common.php(1071): CodeIgniter\View\View->render('user', Array, true)
#3 /opt/lampp/htdocs/app/Controllers/Dashboard.php(40): view('user', Array)
#4 /opt/lampp/htdocs/vendor/codeigniter4/framework/system/CodeIgniter.php(910): App\Controllers\Dashboard->user()
#5 /opt/lampp/htdocs/vendor/codeigniter4/framework/system/CodeIgniter.php(398): CodeIgniter\CodeIgniter->runController(Object(App\Controllers\Dashboard))
#6 /opt/lampp/htdocs/vendor/codeigniter4/framework/system/CodeIgniter.php(306): CodeIgniter\CodeIgniter->handleRequest(NULL, Object(Config\Cache), false)
#7 /opt/lampp/htdocs/public/index.php(45): CodeIgniter\CodeIgniter->run()
#8 {main}
CRITICAL - 2020-09-03 14:20:32 --> Undefined variable: users
#0 /opt/lampp/htdocs/app/Views/user.php(8): CodeIgniter\Debug\Exceptions->errorHandler(8, 'Undefined varia...', '/opt/lampp/htdo...', 8, Array)
#1 /opt/lampp/htdocs/vendor/codeigniter4/framework/system/View/View.php(236): include('/opt/lampp/htdo...')
#2 /opt/lampp/htdocs/vendor/codeigniter4/framework/system/Common.php(1071): CodeIgniter\View\View->render('user', Array, true)
#3 /opt/lampp/htdocs/app/Controllers/Dashboard.php(40): view('user', Array)
#4 /opt/lampp/htdocs/vendor/codeigniter4/framework/system/CodeIgniter.php(910): App\Controllers\Dashboard->user()
#5 /opt/lampp/htdocs/vendor/codeigniter4/framework/system/CodeIgniter.php(398): CodeIgniter\CodeIgniter->runController(Object(App\Controllers\Dashboard))
#6 /opt/lampp/htdocs/vendor/codeigniter4/framework/system/CodeIgniter.php(306): CodeIgniter\CodeIgniter->handleRequest(NULL, Object(Config\Cache), false)
#7 /opt/lampp/htdocs/public/index.php(45): CodeIgniter\CodeIgniter->run()
#8 {main}
CRITICAL - 2020-09-03 14:25:19 --> Array to string conversion
#0 /opt/lampp/htdocs/app/Views/user.php(9): CodeIgniter\Debug\Exceptions->errorHandler(8, 'Array to string...', '/opt/lampp/htdo...', 9, Array)
#1 /opt/lampp/htdocs/vendor/codeigniter4/framework/system/View/View.php(236): include('/opt/lampp/htdo...')
#2 /opt/lampp/htdocs/vendor/codeigniter4/framework/system/Common.php(1071): CodeIgniter\View\View->render('user', Array, true)
#3 /opt/lampp/htdocs/app/Controllers/Dashboard.php(40): view('user', Array)
#4 /opt/lampp/htdocs/vendor/codeigniter4/framework/system/CodeIgniter.php(910): App\Controllers\Dashboard->user()
#5 /opt/lampp/htdocs/vendor/codeigniter4/framework/system/CodeIgniter.php(398): CodeIgniter\CodeIgniter->runController(Object(App\Controllers\Dashboard))
#6 /opt/lampp/htdocs/vendor/codeigniter4/framework/system/CodeIgniter.php(306): CodeIgniter\CodeIgniter->handleRequest(NULL, Object(Config\Cache), false)
#7 /opt/lampp/htdocs/public/index.php(45): CodeIgniter\CodeIgniter->run()
#8 {main}
CRITICAL - 2020-09-03 14:25:29 --> Undefined offset: 0
#0 /opt/lampp/htdocs/app/Views/user.php(9): CodeIgniter\Debug\Exceptions->errorHandler(8, 'Undefined offse...', '/opt/lampp/htdo...', 9, Array)
#1 /opt/lampp/htdocs/vendor/codeigniter4/framework/system/View/View.php(236): include('/opt/lampp/htdo...')
#2 /opt/lampp/htdocs/vendor/codeigniter4/framework/system/Common.php(1071): CodeIgniter\View\View->render('user', Array, true)
#3 /opt/lampp/htdocs/app/Controllers/Dashboard.php(40): view('user', Array)
#4 /opt/lampp/htdocs/vendor/codeigniter4/framework/system/CodeIgniter.php(910): App\Controllers\Dashboard->user()
#5 /opt/lampp/htdocs/vendor/codeigniter4/framework/system/CodeIgniter.php(398): CodeIgniter\CodeIgniter->runController(Object(App\Controllers\Dashboard))
#6 /opt/lampp/htdocs/vendor/codeigniter4/framework/system/CodeIgniter.php(306): CodeIgniter\CodeIgniter->handleRequest(NULL, Object(Config\Cache), false)
#7 /opt/lampp/htdocs/public/index.php(45): CodeIgniter\CodeIgniter->run()
#8 {main}
CRITICAL - 2020-09-03 15:42:37 --> Undefined variable: user_login
#0 /opt/lampp/htdocs/app/Views/user.php(8): CodeIgniter\Debug\Exceptions->errorHandler(8, 'Undefined varia...', '/opt/lampp/htdo...', 8, Array)
#1 /opt/lampp/htdocs/vendor/codeigniter4/framework/system/View/View.php(236): include('/opt/lampp/htdo...')
#2 /opt/lampp/htdocs/vendor/codeigniter4/framework/system/Common.php(1071): CodeIgniter\View\View->render('user', Array, true)
#3 /opt/lampp/htdocs/app/Controllers/Dashboard.php(40): view('user', Array)
#4 /opt/lampp/htdocs/vendor/codeigniter4/framework/system/CodeIgniter.php(910): App\Controllers\Dashboard->user()
#5 /opt/lampp/htdocs/vendor/codeigniter4/framework/system/CodeIgniter.php(398): CodeIgniter\CodeIgniter->runController(Object(App\Controllers\Dashboard))
#6 /opt/lampp/htdocs/vendor/codeigniter4/framework/system/CodeIgniter.php(306): CodeIgniter\CodeIgniter->handleRequest(NULL, Object(Config\Cache), false)
#7 /opt/lampp/htdocs/public/index.php(45): CodeIgniter\CodeIgniter->run()
#8 {main}
CRITICAL - 2020-09-03 15:42:51 --> Undefined index: username
#0 /opt/lampp/htdocs/app/Views/user.php(8): CodeIgniter\Debug\Exceptions->errorHandler(8, 'Undefined index...', '/opt/lampp/htdo...', 8, Array)
#1 /opt/lampp/htdocs/vendor/codeigniter4/framework/system/View/View.php(236): include('/opt/lampp/htdo...')
#2 /opt/lampp/htdocs/vendor/codeigniter4/framework/system/Common.php(1071): CodeIgniter\View\View->render('user', Array, true)
#3 /opt/lampp/htdocs/app/Controllers/Dashboard.php(40): view('user', Array)
#4 /opt/lampp/htdocs/vendor/codeigniter4/framework/system/CodeIgniter.php(910): App\Controllers\Dashboard->user()
#5 /opt/lampp/htdocs/vendor/codeigniter4/framework/system/CodeIgniter.php(398): CodeIgniter\CodeIgniter->runController(Object(App\Controllers\Dashboard))
#6 /opt/lampp/htdocs/vendor/codeigniter4/framework/system/CodeIgniter.php(306): CodeIgniter\CodeIgniter->handleRequest(NULL, Object(Config\Cache), false)
#7 /opt/lampp/htdocs/public/index.php(45): CodeIgniter\CodeIgniter->run()
#8 {main}
CRITICAL - 2020-09-03 15:43:15 --> Undefined index: firstname
#0 /opt/lampp/htdocs/app/Views/user.php(8): CodeIgniter\Debug\Exceptions->errorHandler(8, 'Undefined index...', '/opt/lampp/htdo...', 8, Array)
#1 /opt/lampp/htdocs/vendor/codeigniter4/framework/system/View/View.php(236): include('/opt/lampp/htdo...')
#2 /opt/lampp/htdocs/vendor/codeigniter4/framework/system/Common.php(1071): CodeIgniter\View\View->render('user', Array, true)
#3 /opt/lampp/htdocs/app/Controllers/Dashboard.php(40): view('user', Array)
#4 /opt/lampp/htdocs/vendor/codeigniter4/framework/system/CodeIgniter.php(910): App\Controllers\Dashboard->user()
#5 /opt/lampp/htdocs/vendor/codeigniter4/framework/system/CodeIgniter.php(398): CodeIgniter\CodeIgniter->runController(Object(App\Controllers\Dashboard))
#6 /opt/lampp/htdocs/vendor/codeigniter4/framework/system/CodeIgniter.php(306): CodeIgniter\CodeIgniter->handleRequest(NULL, Object(Config\Cache), false)
#7 /opt/lampp/htdocs/public/index.php(45): CodeIgniter\CodeIgniter->run()
#8 {main}
CRITICAL - 2020-09-03 15:43:37 --> Undefined index: lastname
#0 /opt/lampp/htdocs/app/Views/user.php(8): CodeIgniter\Debug\Exceptions->errorHandler(8, 'Undefined index...', '/opt/lampp/htdo...', 8, Array)
#1 /opt/lampp/htdocs/vendor/codeigniter4/framework/system/View/View.php(236): include('/opt/lampp/htdo...')
#2 /opt/lampp/htdocs/vendor/codeigniter4/framework/system/Common.php(1071): CodeIgniter\View\View->render('user', Array, true)
#3 /opt/lampp/htdocs/app/Controllers/Dashboard.php(40): view('user', Array)
#4 /opt/lampp/htdocs/vendor/codeigniter4/framework/system/CodeIgniter.php(910): App\Controllers\Dashboard->user()
#5 /opt/lampp/htdocs/vendor/codeigniter4/framework/system/CodeIgniter.php(398): CodeIgniter\CodeIgniter->runController(Object(App\Controllers\Dashboard))
#6 /opt/lampp/htdocs/vendor/codeigniter4/framework/system/CodeIgniter.php(306): CodeIgniter\CodeIgniter->handleRequest(NULL, Object(Config\Cache), false)
#7 /opt/lampp/htdocs/public/index.php(45): CodeIgniter\CodeIgniter->run()
#8 {main}
CRITICAL - 2020-09-03 15:44:19 --> Undefined variable: user_login
#0 /opt/lampp/htdocs/app/Views/user.php(8): CodeIgniter\Debug\Exceptions->errorHandler(8, 'Undefined varia...', '/opt/lampp/htdo...', 8, Array)
#1 /opt/lampp/htdocs/vendor/codeigniter4/framework/system/View/View.php(236): include('/opt/lampp/htdo...')
#2 /opt/lampp/htdocs/vendor/codeigniter4/framework/system/Common.php(1071): CodeIgniter\View\View->render('user', Array, true)
#3 /opt/lampp/htdocs/app/Controllers/Dashboard.php(40): view('user', Array)
#4 /opt/lampp/htdocs/vendor/codeigniter4/framework/system/CodeIgniter.php(910): App\Controllers\Dashboard->user()
#5 /opt/lampp/htdocs/vendor/codeigniter4/framework/system/CodeIgniter.php(398): CodeIgniter\CodeIgniter->runController(Object(App\Controllers\Dashboard))
#6 /opt/lampp/htdocs/vendor/codeigniter4/framework/system/CodeIgniter.php(306): CodeIgniter\CodeIgniter->handleRequest(NULL, Object(Config\Cache), false)
#7 /opt/lampp/htdocs/public/index.php(45): CodeIgniter\CodeIgniter->run()
#8 {main}
CRITICAL - 2020-09-03 15:45:05 --> Undefined variable: user_login
#0 /opt/lampp/htdocs/app/Views/user.php(8): CodeIgniter\Debug\Exceptions->errorHandler(8, 'Undefined varia...', '/opt/lampp/htdo...', 8, Array)
#1 /opt/lampp/htdocs/vendor/codeigniter4/framework/system/View/View.php(236): include('/opt/lampp/htdo...')
#2 /opt/lampp/htdocs/vendor/codeigniter4/framework/system/Common.php(1071): CodeIgniter\View\View->render('user', Array, true)
#3 /opt/lampp/htdocs/app/Controllers/Dashboard.php(40): view('user', Array)
#4 /opt/lampp/htdocs/vendor/codeigniter4/framework/system/CodeIgniter.php(910): App\Controllers\Dashboard->user()
#5 /opt/lampp/htdocs/vendor/codeigniter4/framework/system/CodeIgniter.php(398): CodeIgniter\CodeIgniter->runController(Object(App\Controllers\Dashboard))
#6 /opt/lampp/htdocs/vendor/codeigniter4/framework/system/CodeIgniter.php(306): CodeIgniter\CodeIgniter->handleRequest(NULL, Object(Config\Cache), false)
#7 /opt/lampp/htdocs/public/index.php(45): CodeIgniter\CodeIgniter->run()
#8 {main}
CRITICAL - 2020-09-03 15:45:57 --> Class 'App\Models\UsersModel' not found
#0 /opt/lampp/htdocs/vendor/codeigniter4/framework/system/CodeIgniter.php(910): App\Controllers\Dashboard->user()
#1 /opt/lampp/htdocs/vendor/codeigniter4/framework/system/CodeIgniter.php(398): CodeIgniter\CodeIgniter->runController(Object(App\Controllers\Dashboard))
#2 /opt/lampp/htdocs/vendor/codeigniter4/framework/system/CodeIgniter.php(306): CodeIgniter\CodeIgniter->handleRequest(NULL, Object(Config\Cache), false)
#3 /opt/lampp/htdocs/public/index.php(45): CodeIgniter\CodeIgniter->run()
#4 {main}
CRITICAL - 2020-09-03 15:46:40 --> Class 'App\Models\UsersModel' not found
#0 /opt/lampp/htdocs/vendor/codeigniter4/framework/system/CodeIgniter.php(910): App\Controllers\Dashboard->user()
#1 /opt/lampp/htdocs/vendor/codeigniter4/framework/system/CodeIgniter.php(398): CodeIgniter\CodeIgniter->runController(Object(App\Controllers\Dashboard))
#2 /opt/lampp/htdocs/vendor/codeigniter4/framework/system/CodeIgniter.php(306): CodeIgniter\CodeIgniter->handleRequest(NULL, Object(Config\Cache), false)
#3 /opt/lampp/htdocs/public/index.php(45): CodeIgniter\CodeIgniter->run()
#4 {main}
CRITICAL - 2020-09-03 15:49:22 --> Illegal string offset 'firstname'
#0 /opt/lampp/htdocs/app/Views/user.php(48): CodeIgniter\Debug\Exceptions->errorHandler(2, 'Illegal string ...', '/opt/lampp/htdo...', 48, Array)
#1 /opt/lampp/htdocs/vendor/codeigniter4/framework/system/View/View.php(236): include('/opt/lampp/htdo...')
#2 /opt/lampp/htdocs/vendor/codeigniter4/framework/system/Common.php(1071): CodeIgniter\View\View->render('user', Array, true)
#3 /opt/lampp/htdocs/app/Controllers/Dashboard.php(40): view('user', Array, Array)
#4 /opt/lampp/htdocs/vendor/codeigniter4/framework/system/CodeIgniter.php(910): App\Controllers\Dashboard->user()
#5 /opt/lampp/htdocs/vendor/codeigniter4/framework/system/CodeIgniter.php(398): CodeIgniter\CodeIgniter->runController(Object(App\Controllers\Dashboard))
#6 /opt/lampp/htdocs/vendor/codeigniter4/framework/system/CodeIgniter.php(306): CodeIgniter\CodeIgniter->handleRequest(NULL, Object(Config\Cache), false)
#7 /opt/lampp/htdocs/public/index.php(45): CodeIgniter\CodeIgniter->run()
#8 {main}
CRITICAL - 2020-09-03 17:59:34 --> Call to undefined function set_value()
#0 /opt/lampp/htdocs/vendor/codeigniter4/framework/system/View/View.php(236): include()
#1 /opt/lampp/htdocs/vendor/codeigniter4/framework/system/Common.php(1071): CodeIgniter\View\View->render('user', Array, true)
#2 /opt/lampp/htdocs/app/Controllers/Dashboard.php(40): view('user', Array, Array)
#3 /opt/lampp/htdocs/vendor/codeigniter4/framework/system/CodeIgniter.php(910): App\Controllers\Dashboard->user()
#4 /opt/lampp/htdocs/vendor/codeigniter4/framework/system/CodeIgniter.php(398): CodeIgniter\CodeIgniter->runController(Object(App\Controllers\Dashboard))
#5 /opt/lampp/htdocs/vendor/codeigniter4/framework/system/CodeIgniter.php(306): CodeIgniter\CodeIgniter->handleRequest(NULL, Object(Config\Cache), false)
#6 /opt/lampp/htdocs/public/index.php(45): CodeIgniter\CodeIgniter->run()
#7 {main}
CRITICAL - 2020-09-03 18:00:00 --> Call to undefined function set_value()
#0 /opt/lampp/htdocs/vendor/codeigniter4/framework/system/View/View.php(236): include()
#1 /opt/lampp/htdocs/vendor/codeigniter4/framework/system/Common.php(1071): CodeIgniter\View\View->render('user', Array, true)
#2 /opt/lampp/htdocs/app/Controllers/Dashboard.php(40): view('user', Array, Array)
#3 /opt/lampp/htdocs/vendor/codeigniter4/framework/system/CodeIgniter.php(910): App\Controllers\Dashboard->user()
#4 /opt/lampp/htdocs/vendor/codeigniter4/framework/system/CodeIgniter.php(398): CodeIgniter\CodeIgniter->runController(Object(App\Controllers\Dashboard))
#5 /opt/lampp/htdocs/vendor/codeigniter4/framework/system/CodeIgniter.php(306): CodeIgniter\CodeIgniter->handleRequest(NULL, Object(Config\Cache), false)
#6 /opt/lampp/htdocs/public/index.php(45): CodeIgniter\CodeIgniter->run()
#7 {main}
CRITICAL - 2020-09-03 18:00:22 --> Call to undefined function set_value()
#0 /opt/lampp/htdocs/vendor/codeigniter4/framework/system/View/View.php(236): include()
#1 /opt/lampp/htdocs/vendor/codeigniter4/framework/system/Common.php(1071): CodeIgniter\View\View->render('user', Array, true)
#2 /opt/lampp/htdocs/app/Controllers/Dashboard.php(40): view('user', Array, Array)
#3 /opt/lampp/htdocs/vendor/codeigniter4/framework/system/CodeIgniter.php(910): App\Controllers\Dashboard->user()
#4 /opt/lampp/htdocs/vendor/codeigniter4/framework/system/CodeIgniter.php(398): CodeIgniter\CodeIgniter->runController(Object(App\Controllers\Dashboard))
#5 /opt/lampp/htdocs/vendor/codeigniter4/framework/system/CodeIgniter.php(306): CodeIgniter\CodeIgniter->handleRequest(NULL, Object(Config\Cache), false)
#6 /opt/lampp/htdocs/public/index.php(45): CodeIgniter\CodeIgniter->run()
#7 {main}
CRITICAL - 2020-09-03 18:00:59 --> Call to undefined function set_value()
#0 /opt/lampp/htdocs/vendor/codeigniter4/framework/system/View/View.php(236): include()
#1 /opt/lampp/htdocs/vendor/codeigniter4/framework/system/Common.php(1071): CodeIgniter\View\View->render('user', Array, true)
#2 /opt/lampp/htdocs/app/Controllers/Dashboard.php(40): view('user', Array, Array)
#3 /opt/lampp/htdocs/vendor/codeigniter4/framework/system/CodeIgniter.php(910): App\Controllers\Dashboard->user()
#4 /opt/lampp/htdocs/vendor/codeigniter4/framework/system/CodeIgniter.php(398): CodeIgniter\CodeIgniter->runController(Object(App\Controllers\Dashboard))
#5 /opt/lampp/htdocs/vendor/codeigniter4/framework/system/CodeIgniter.php(306): CodeIgniter\CodeIgniter->handleRequest(NULL, Object(Config\Cache), false)
#6 /opt/lampp/htdocs/public/index.php(45): CodeIgniter\CodeIgniter->run()
#7 {main}
CRITICAL - 2020-09-03 18:05:31 --> Call to undefined function set_value()
#0 /opt/lampp/htdocs/vendor/codeigniter4/framework/system/View/View.php(236): include()
#1 /opt/lampp/htdocs/vendor/codeigniter4/framework/system/Common.php(1071): CodeIgniter\View\View->render('user', Array, true)
#2 /opt/lampp/htdocs/app/Controllers/Dashboard.php(40): view('user', Array, Array)
#3 /opt/lampp/htdocs/vendor/codeigniter4/framework/system/CodeIgniter.php(910): App\Controllers\Dashboard->user()
#4 /opt/lampp/htdocs/vendor/codeigniter4/framework/system/CodeIgniter.php(398): CodeIgniter\CodeIgniter->runController(Object(App\Controllers\Dashboard))
#5 /opt/lampp/htdocs/vendor/codeigniter4/framework/system/CodeIgniter.php(306): CodeIgniter\CodeIgniter->handleRequest(NULL, Object(Config\Cache), false)
#6 /opt/lampp/htdocs/public/index.php(45): CodeIgniter\CodeIgniter->run()
#7 {main}
CRITICAL - 2020-09-03 18:08:54 --> Call to undefined function set_value()
#0 /opt/lampp/htdocs/vendor/codeigniter4/framework/system/View/View.php(236): include()
#1 /opt/lampp/htdocs/vendor/codeigniter4/framework/system/Common.php(1071): CodeIgniter\View\View->render('user', Array, true)
#2 /opt/lampp/htdocs/app/Controllers/Dashboard.php(40): view('user', Array, Array)
#3 /opt/lampp/htdocs/vendor/codeigniter4/framework/system/CodeIgniter.php(910): App\Controllers\Dashboard->user()
#4 /opt/lampp/htdocs/vendor/codeigniter4/framework/system/CodeIgniter.php(398): CodeIgniter\CodeIgniter->runController(Object(App\Controllers\Dashboard))
#5 /opt/lampp/htdocs/vendor/codeigniter4/framework/system/CodeIgniter.php(306): CodeIgniter\CodeIgniter->handleRequest(NULL, Object(Config\Cache), false)
#6 /opt/lampp/htdocs/public/index.php(45): CodeIgniter\CodeIgniter->run()
#7 {main}
CRITICAL - 2020-09-03 18:10:58 --> Call to undefined function set_value()
#0 /opt/lampp/htdocs/vendor/codeigniter4/framework/system/View/View.php(236): include()
#1 /opt/lampp/htdocs/vendor/codeigniter4/framework/system/Common.php(1071): CodeIgniter\View\View->render('user', Array, true)
#2 /opt/lampp/htdocs/app/Controllers/Dashboard.php(40): view('user', Array, Array)
#3 /opt/lampp/htdocs/vendor/codeigniter4/framework/system/CodeIgniter.php(910): App\Controllers\Dashboard->user()
#4 /opt/lampp/htdocs/vendor/codeigniter4/framework/system/CodeIgniter.php(398): CodeIgniter\CodeIgniter->runController(Object(App\Controllers\Dashboard))
#5 /opt/lampp/htdocs/vendor/codeigniter4/framework/system/CodeIgniter.php(306): CodeIgniter\CodeIgniter->handleRequest(NULL, Object(Config\Cache), false)
#6 /opt/lampp/htdocs/public/index.php(45): CodeIgniter\CodeIgniter->run()
#7 {main}
CRITICAL - 2020-09-03 18:12:04 --> Call to undefined function set_value()
#0 /opt/lampp/htdocs/vendor/codeigniter4/framework/system/View/View.php(236): include()
#1 /opt/lampp/htdocs/vendor/codeigniter4/framework/system/Common.php(1071): CodeIgniter\View\View->render('user', Array, true)
#2 /opt/lampp/htdocs/app/Controllers/Dashboard.php(40): view('user', Array, Array)
#3 /opt/lampp/htdocs/vendor/codeigniter4/framework/system/CodeIgniter.php(910): App\Controllers\Dashboard->user()
#4 /opt/lampp/htdocs/vendor/codeigniter4/framework/system/CodeIgniter.php(398): CodeIgniter\CodeIgniter->runController(Object(App\Controllers\Dashboard))
#5 /opt/lampp/htdocs/vendor/codeigniter4/framework/system/CodeIgniter.php(306): CodeIgniter\CodeIgniter->handleRequest(NULL, Object(Config\Cache), false)
#6 /opt/lampp/htdocs/public/index.php(45): CodeIgniter\CodeIgniter->run()
#7 {main}
CRITICAL - 2020-09-03 18:18:32 --> Call to undefined function set_value()
#0 /opt/lampp/htdocs/vendor/codeigniter4/framework/system/View/View.php(236): include()
#1 /opt/lampp/htdocs/vendor/codeigniter4/framework/system/Common.php(1071): CodeIgniter\View\View->render('user', Array, true)
#2 /opt/lampp/htdocs/app/Controllers/Dashboard.php(40): view('user', Array, Array)
#3 /opt/lampp/htdocs/vendor/codeigniter4/framework/system/CodeIgniter.php(910): App\Controllers\Dashboard->user()
#4 /opt/lampp/htdocs/vendor/codeigniter4/framework/system/CodeIgniter.php(398): CodeIgniter\CodeIgniter->runController(Object(App\Controllers\Dashboard))
#5 /opt/lampp/htdocs/vendor/codeigniter4/framework/system/CodeIgniter.php(306): CodeIgniter\CodeIgniter->handleRequest(NULL, Object(Config\Cache), false)
#6 /opt/lampp/htdocs/public/index.php(45): CodeIgniter\CodeIgniter->run()
#7 {main}
CRITICAL - 2020-09-03 18:18:45 --> Call to undefined function set_value()
#0 /opt/lampp/htdocs/vendor/codeigniter4/framework/system/View/View.php(236): include()
#1 /opt/lampp/htdocs/vendor/codeigniter4/framework/system/Common.php(1071): CodeIgniter\View\View->render('user', Array, true)
#2 /opt/lampp/htdocs/app/Controllers/Dashboard.php(40): view('user', Array, Array)
#3 /opt/lampp/htdocs/vendor/codeigniter4/framework/system/CodeIgniter.php(910): App\Controllers\Dashboard->user()
#4 /opt/lampp/htdocs/vendor/codeigniter4/framework/system/CodeIgniter.php(398): CodeIgniter\CodeIgniter->runController(Object(App\Controllers\Dashboard))
#5 /opt/lampp/htdocs/vendor/codeigniter4/framework/system/CodeIgniter.php(306): CodeIgniter\CodeIgniter->handleRequest(NULL, Object(Config\Cache), false)
#6 /opt/lampp/htdocs/public/index.php(45): CodeIgniter\CodeIgniter->run()
#7 {main}
CRITICAL - 2020-09-03 18:32:11 --> Invalid file: adduser.php
#0 /opt/lampp/htdocs/vendor/codeigniter4/framework/system/View/View.php(224): CodeIgniter\Exceptions\FrameworkException::forInvalidFile('adduser.php')
#1 /opt/lampp/htdocs/vendor/codeigniter4/framework/system/Common.php(1071): CodeIgniter\View\View->render('adduser', Array, true)
#2 /opt/lampp/htdocs/app/Controllers/Dashboard.php(55): view('adduser', Array, Array)
#3 /opt/lampp/htdocs/vendor/codeigniter4/framework/system/CodeIgniter.php(910): App\Controllers\Dashboard->adduser()
#4 /opt/lampp/htdocs/vendor/codeigniter4/framework/system/CodeIgniter.php(398): CodeIgniter\CodeIgniter->runController(Object(App\Controllers\Dashboard))
#5 /opt/lampp/htdocs/vendor/codeigniter4/framework/system/CodeIgniter.php(306): CodeIgniter\CodeIgniter->handleRequest(NULL, Object(Config\Cache), false)
#6 /opt/lampp/htdocs/public/index.php(45): CodeIgniter\CodeIgniter->run()
#7 {main}
CRITICAL - 2020-09-03 18:34:18 --> Invalid file: templates/header.php
#0 /opt/lampp/htdocs/vendor/codeigniter4/framework/system/View/View.php(224): CodeIgniter\Exceptions\FrameworkException::forInvalidFile('templates/heade...')
#1 /opt/lampp/htdocs/vendor/codeigniter4/framework/system/Common.php(1071): CodeIgniter\View\View->render('templates/heade...', Array, true)
#2 /opt/lampp/htdocs/app/Controllers/Dashboard.php(53): view('templates/heade...', Array)
#3 /opt/lampp/htdocs/vendor/codeigniter4/framework/system/CodeIgniter.php(910): App\Controllers\Dashboard->adduser()
#4 /opt/lampp/htdocs/vendor/codeigniter4/framework/system/CodeIgniter.php(398): CodeIgniter\CodeIgniter->runController(Object(App\Controllers\Dashboard))
#5 /opt/lampp/htdocs/vendor/codeigniter4/framework/system/CodeIgniter.php(306): CodeIgniter\CodeIgniter->handleRequest(NULL, Object(Config\Cache), false)
#6 /opt/lampp/htdocs/public/index.php(45): CodeIgniter\CodeIgniter->run()
#7 {main}
CRITICAL - 2020-09-03 18:35:57 --> Invalid file: templates/header.php
#0 /opt/lampp/htdocs/vendor/codeigniter4/framework/system/View/View.php(224): CodeIgniter\Exceptions\FrameworkException::forInvalidFile('templates/heade...')
#1 /opt/lampp/htdocs/vendor/codeigniter4/framework/system/Common.php(1071): CodeIgniter\View\View->render('templates/heade...', Array, true)
#2 /opt/lampp/htdocs/app/Controllers/Dashboard.php(13): view('templates/heade...', Array)
#3 /opt/lampp/htdocs/vendor/codeigniter4/framework/system/CodeIgniter.php(910): App\Controllers\Dashboard->index()
#4 /opt/lampp/htdocs/vendor/codeigniter4/framework/system/CodeIgniter.php(398): CodeIgniter\CodeIgniter->runController(Object(App\Controllers\Dashboard))
#5 /opt/lampp/htdocs/vendor/codeigniter4/framework/system/CodeIgniter.php(306): CodeIgniter\CodeIgniter->handleRequest(NULL, Object(Config\Cache), false)
#6 /opt/lampp/htdocs/public/index.php(45): CodeIgniter\CodeIgniter->run()
#7 {main}
